<?xml version="1.0" ?>
<!DOCTYPE coverage SYSTEM "http://cobertura.sourceforge.net/xml/coverage-04.dtd">
<coverage lines-valid="1883"  lines-covered="378"  line-rate="0.2007"  branches-valid="743"  branches-covered="136"  branch-rate="0.183"  timestamp="1406815856294" complexity="0" version="0.1">
<sources>
	<source>D:\GIT\Test\app</source>
</sources>
<packages>
	<package name="..public.js.directives.paper"  line-rate="0.551"  branch-rate="0.5118" >
	<classes>
		<class name="paper-button.js"  filename="public\js\directives\paper\paper-button.js"  line-rate="0.8621"  branch-rate="0.9737" >
		<methods>
			<method name="(anonymous_1)"  hits="17"  signature="()V" >
				<lines><line number="24"  hits="17" /></lines>
			</method>
			<method name="(anonymous_2)"  hits="17"  signature="()V" >
				<lines><line number="33"  hits="17" /></lines>
			</method>
			<method name="(anonymous_3)"  hits="8"  signature="()V" >
				<lines><line number="57"  hits="8" /></lines>
			</method>
			<method name="(anonymous_4)"  hits="2"  signature="()V" >
				<lines><line number="68"  hits="2" /></lines>
			</method>
			<method name="(anonymous_5)"  hits="2"  signature="()V" >
				<lines><line number="73"  hits="2" /></lines>
			</method>
			<method name="(anonymous_6)"  hits="0"  signature="()V" >
				<lines><line number="82"  hits="0" /></lines>
			</method>
			<method name="(anonymous_7)"  hits="4"  signature="()V" >
				<lines><line number="87"  hits="4" /></lines>
			</method>
			<method name="(anonymous_8)"  hits="0"  signature="()V" >
				<lines><line number="95"  hits="0" /></lines>
			</method>
			<method name="(anonymous_9)"  hits="2"  signature="()V" >
				<lines><line number="100"  hits="2" /></lines>
			</method>
			<method name="(anonymous_10)"  hits="17"  signature="()V" >
				<lines><line number="109"  hits="17" /></lines>
			</method>
		</methods>
		<lines>
			<line number="23"  hits="1"  branch="false" />
			<line number="26"  hits="17"  branch="false" />
			<line number="35"  hits="17"  branch="true"  condition-coverage="100% (4/4)" />
			<line number="37"  hits="1"  branch="false" />
			<line number="39"  hits="17"  branch="true"  condition-coverage="100% (4/4)" />
			<line number="41"  hits="1"  branch="false" />
			<line number="44"  hits="17"  branch="false" />
			<line number="50"  hits="17"  branch="false" />
			<line number="59"  hits="8"  branch="true"  condition-coverage="100% (2/2)" />
			<line number="61"  hits="3"  branch="false" />
			<line number="63"  hits="5"  branch="true"  condition-coverage="100% (2/2)" />
			<line number="65"  hits="1"  branch="false" />
			<line number="70"  hits="2"  branch="false" />
			<line number="71"  hits="2"  branch="false" />
			<line number="75"  hits="2"  branch="false" />
			<line number="76"  hits="2"  branch="true"  condition-coverage="100% (5/5)" />
			<line number="78"  hits="1"  branch="false" />
			<line number="80"  hits="2"  branch="false" />
			<line number="84"  hits="0"  branch="false" />
			<line number="85"  hits="0"  branch="false" />
			<line number="89"  hits="4"  branch="true"  condition-coverage="50% (1/2)" />
			<line number="91"  hits="4"  branch="false" />
			<line number="92"  hits="4"  branch="false" />
			<line number="97"  hits="0"  branch="false" />
			<line number="98"  hits="0"  branch="false" />
			<line number="102"  hits="2"  branch="true"  condition-coverage="100% (6/6)" />
			<line number="104"  hits="1"  branch="false" />
			<line number="109"  hits="17"  branch="false" />
			<line number="112"  hits="17"  branch="true"  condition-coverage="100% (2/2)" />
		</lines>
		</class>
		<class name="paper-fab.js"  filename="public\js\directives\paper\paper-fab.js"  line-rate="0.5"  branch-rate="1" >
		<methods>
			<method name="(anonymous_1)"  hits="0"  signature="()V" >
				<lines><line number="6"  hits="0" /></lines>
			</method>
		</methods>
		<lines>
			<line number="5"  hits="1"  branch="false" />
			<line number="8"  hits="0"  branch="false" />
		</lines>
		</class>
		<class name="paper-icon.js"  filename="public\js\directives\paper\paper-icon.js"  line-rate="0.75"  branch-rate="0.6667000000000001" >
		<methods>
			<method name="(anonymous_1)"  hits="21"  signature="()V" >
				<lines><line number="4"  hits="21" /></lines>
			</method>
			<method name="(anonymous_2)"  hits="21"  signature="()V" >
				<lines><line number="12"  hits="21" /></lines>
			</method>
			<method name="(anonymous_3)"  hits="20"  signature="()V" >
				<lines><line number="20"  hits="20" /></lines>
			</method>
		</methods>
		<lines>
			<line number="1"  hits="1"  branch="false" />
			<line number="6"  hits="21"  branch="false" />
			<line number="14"  hits="21"  branch="true"  condition-coverage="100% (2/2)" />
			<line number="16"  hits="1"  branch="false" />
			<line number="19"  hits="20"  branch="true"  condition-coverage="100% (2/2)" />
			<line number="22"  hits="20"  branch="true"  condition-coverage="40% (2/5)" />
			<line number="25"  hits="19"  branch="false" />
			<line number="27"  hits="0"  branch="false" />
			<line number="29"  hits="0"  branch="false" />
			<line number="31"  hits="0"  branch="false" />
			<line number="33"  hits="1"  branch="false" />
			<line number="37"  hits="20"  branch="false" />
		</lines>
		</class>
		<class name="paper-input.js"  filename="public\js\directives\paper\paper-input.js"  line-rate="0.8462000000000001"  branch-rate="0.7391" >
		<methods>
			<method name="(anonymous_1)"  hits="47"  signature="()V" >
				<lines><line number="2"  hits="47" /></lines>
			</method>
			<method name="(anonymous_2)"  hits="47"  signature="()V" >
				<lines><line number="14"  hits="47" /></lines>
			</method>
			<method name="(anonymous_3)"  hits="47"  signature="()V" >
				<lines><line number="22"  hits="47" /></lines>
			</method>
			<method name="(anonymous_4)"  hits="10"  signature="()V" >
				<lines><line number="42"  hits="10" /></lines>
			</method>
			<method name="(anonymous_5)"  hits="4"  signature="()V" >
				<lines><line number="63"  hits="4" /></lines>
			</method>
			<method name="(anonymous_6)"  hits="8"  signature="()V" >
				<lines><line number="68"  hits="8" /></lines>
			</method>
			<method name="(anonymous_7)"  hits="4"  signature="()V" >
				<lines><line number="96"  hits="4" /></lines>
			</method>
			<method name="(anonymous_8)"  hits="0"  signature="()V" >
				<lines><line number="105"  hits="0" /></lines>
			</method>
			<method name="(anonymous_9)"  hits="0"  signature="()V" >
				<lines><line number="113"  hits="0" /></lines>
			</method>
			<method name="(anonymous_10)"  hits="8"  signature="()V" >
				<lines><line number="118"  hits="8" /></lines>
			</method>
			<method name="(anonymous_11)"  hits="8"  signature="()V" >
				<lines><line number="127"  hits="8" /></lines>
			</method>
			<method name="(anonymous_12)"  hits="144"  signature="()V" >
				<lines><line number="133"  hits="144" /></lines>
			</method>
			<method name="(anonymous_13)"  hits="208"  signature="()V" >
				<lines><line number="180"  hits="208" /></lines>
			</method>
			<method name="(anonymous_14)"  hits="30"  signature="()V" >
				<lines><line number="187"  hits="30" /></lines>
			</method>
			<method name="(anonymous_15)"  hits="83"  signature="()V" >
				<lines><line number="209"  hits="83" /></lines>
			</method>
			<method name="(anonymous_16)"  hits="66"  signature="()V" >
				<lines><line number="226"  hits="66" /></lines>
			</method>
			<method name="(anonymous_17)"  hits="12"  signature="()V" >
				<lines><line number="230"  hits="12" /></lines>
			</method>
			<method name="(anonymous_18)"  hits="12"  signature="()V" >
				<lines><line number="232"  hits="12" /></lines>
			</method>
			<method name="(anonymous_19)"  hits="0"  signature="()V" >
				<lines><line number="243"  hits="0" /></lines>
			</method>
		</methods>
		<lines>
			<line number="1"  hits="1"  branch="false" />
			<line number="4"  hits="47"  branch="false" />
			<line number="16"  hits="47"  branch="true"  condition-coverage="100% (2/2)" />
			<line number="17"  hits="47"  branch="false" />
			<line number="18"  hits="47"  branch="false" />
			<line number="19"  hits="47"  branch="true"  condition-coverage="100% (2/2)" />
			<line number="20"  hits="47"  branch="false" />
			<line number="24"  hits="47"  branch="true"  condition-coverage="100% (2/2)" />
			<line number="27"  hits="47"  branch="false" />
			<line number="44"  hits="10"  branch="true"  condition-coverage="50% (1/2)" />
			<line number="46"  hits="0"  branch="false" />
			<line number="49"  hits="10"  branch="true"  condition-coverage="50% (1/2)" />
			<line number="51"  hits="0"  branch="false" />
			<line number="54"  hits="10"  branch="false" />
			<line number="59"  hits="10"  branch="false" />
			<line number="61"  hits="10"  branch="false" />
			<line number="62"  hits="10"  branch="false" />
			<line number="63"  hits="10"  branch="false" />
			<line number="65"  hits="4"  branch="false" />
			<line number="70"  hits="8"  branch="true"  condition-coverage="50% (1/2)" />
			<line number="72"  hits="0"  branch="false" />
			<line number="75"  hits="8"  branch="true"  condition-coverage="50% (1/2)" />
			<line number="77"  hits="0"  branch="false" />
			<line number="82"  hits="8"  branch="true"  condition-coverage="50% (1/2)" />
			<line number="84"  hits="0"  branch="false" />
			<line number="87"  hits="8"  branch="true"  condition-coverage="50% (1/2)" />
			<line number="89"  hits="8"  branch="false" />
			<line number="90"  hits="8"  branch="false" />
			<line number="92"  hits="8"  branch="false" />
			<line number="94"  hits="8"  branch="false" />
			<line number="96"  hits="8"  branch="false" />
			<line number="98"  hits="4"  branch="false" />
			<line number="99"  hits="4"  branch="false" />
			<line number="100"  hits="4"  branch="false" />
			<line number="101"  hits="4"  branch="false" />
			<line number="106"  hits="0"  branch="true"  condition-coverage="0% (0/2)" />
			<line number="107"  hits="0"  branch="false" />
			<line number="108"  hits="0"  branch="false" />
			<line number="110"  hits="0"  branch="false" />
			<line number="112"  hits="0"  branch="true"  condition-coverage="0% (0/2)" />
			<line number="113"  hits="0"  branch="false" />
			<line number="114"  hits="0"  branch="false" />
			<line number="120"  hits="8"  branch="true"  condition-coverage="100% (2/2)" />
			<line number="122"  hits="4"  branch="false" />
			<line number="123"  hits="4"  branch="false" />
			<line number="124"  hits="4"  branch="false" />
			<line number="129"  hits="8"  branch="false" />
			<line number="130"  hits="8"  branch="false" />
			<line number="131"  hits="8"  branch="false" />
			<line number="136"  hits="144"  branch="true"  condition-coverage="100% (2/2)" />
			<line number="138"  hits="49"  branch="false" />
			<line number="142"  hits="144"  branch="true"  condition-coverage="100% (2/2)" />
			<line number="144"  hits="118"  branch="false" />
			<line number="149"  hits="26"  branch="false" />
			<line number="150"  hits="26"  branch="true"  condition-coverage="100% (2/2)" />
			<line number="152"  hits="6"  branch="false" />
			<line number="154"  hits="20"  branch="true"  condition-coverage="100% (2/2)" />
			<line number="156"  hits="8"  branch="true"  condition-coverage="50% (2/4)" />
			<line number="158"  hits="8"  branch="false" />
			<line number="159"  hits="8"  branch="false" />
			<line number="163"  hits="0"  branch="false" />
			<line number="168"  hits="12"  branch="false" />
			<line number="170"  hits="26"  branch="false" />
			<line number="172"  hits="144"  branch="true"  condition-coverage="100% (4/4)" />
			<line number="177"  hits="47"  branch="false" />
			<line number="180"  hits="47"  branch="false" />
			<line number="182"  hits="208"  branch="false" />
			<line number="185"  hits="47"  branch="true"  condition-coverage="100% (2/2)" />
			<line number="187"  hits="12"  branch="false" />
			<line number="189"  hits="30"  branch="false" />
			<line number="194"  hits="47"  branch="true"  condition-coverage="100% (2/2)" />
			<line number="196"  hits="17"  branch="false" />
			<line number="207"  hits="17"  branch="false" />
			<line number="209"  hits="17"  branch="false" />
			<line number="211"  hits="83"  branch="false" />
			<line number="217"  hits="83"  branch="false" />
			<line number="218"  hits="83"  branch="false" />
			<line number="220"  hits="83"  branch="false" />
			<line number="223"  hits="17"  branch="false" />
			<line number="224"  hits="17"  branch="false" />
			<line number="226"  hits="17"  branch="false" />
			<line number="228"  hits="66"  branch="false" />
			<line number="229"  hits="66"  branch="false" />
			<line number="230"  hits="66"  branch="false" />
			<line number="232"  hits="12"  branch="false" />
			<line number="234"  hits="12"  branch="false" />
			<line number="235"  hits="12"  branch="false" />
			<line number="238"  hits="66"  branch="false" />
			<line number="241"  hits="17"  branch="false" />
			<line number="243"  hits="17"  branch="false" />
			<line number="245"  hits="0"  branch="false" />
		</lines>
		</class>
		<class name="paper-ripple.js"  filename="public\js\directives\paper\paper-ripple.js"  line-rate="0.2581"  branch-rate="0.10710000000000001" >
		<methods>
			<method name="(anonymous_1)"  hits="24"  signature="()V" >
				<lines><line number="23"  hits="24" /></lines>
			</method>
			<method name="(anonymous_2)"  hits="99"  signature="()V" >
				<lines><line number="28"  hits="99" /></lines>
			</method>
			<method name="(anonymous_3)"  hits="99"  signature="()V" >
				<lines><line number="69"  hits="99" /></lines>
			</method>
			<method name="(anonymous_4)"  hits="0"  signature="()V" >
				<lines><line number="96"  hits="0" /></lines>
			</method>
			<method name="(anonymous_5)"  hits="0"  signature="()V" >
				<lines><line number="129"  hits="0" /></lines>
			</method>
			<method name="(anonymous_6)"  hits="0"  signature="()V" >
				<lines><line number="147"  hits="0" /></lines>
			</method>
			<method name="(anonymous_7)"  hits="0"  signature="()V" >
				<lines><line number="152"  hits="0" /></lines>
			</method>
			<method name="waveRadiusFn"  hits="0"  signature="()V" >
				<lines><line number="271"  hits="0" /></lines>
			</method>
			<method name="waveOpacityFn"  hits="0"  signature="()V" >
				<lines><line number="287"  hits="0" /></lines>
			</method>
			<method name="waveOuterOpacityFn"  hits="0"  signature="()V" >
				<lines><line number="301"  hits="0" /></lines>
			</method>
			<method name="waveGravityToCenterPercentageFn"  hits="0"  signature="()V" >
				<lines><line number="314"  hits="0" /></lines>
			</method>
			<method name="waveDidFinish"  hits="0"  signature="()V" >
				<lines><line number="325"  hits="0" /></lines>
			</method>
			<method name="waveAtMaximum"  hits="0"  signature="()V" >
				<lines><line number="337"  hits="0" /></lines>
			</method>
			<method name="drawRipple"  hits="0"  signature="()V" >
				<lines><line number="350"  hits="0" /></lines>
			</method>
			<method name="createWave"  hits="0"  signature="()V" >
				<lines><line number="366"  hits="0" /></lines>
			</method>
			<method name="removeWaveFromScope"  hits="0"  signature="()V" >
				<lines><line number="383"  hits="0" /></lines>
			</method>
			<method name="cssColorWithAlpha"  hits="0"  signature="()V" >
				<lines><line number="400"  hits="0" /></lines>
			</method>
			<method name="dist"  hits="0"  signature="()V" >
				<lines><line number="414"  hits="0" /></lines>
			</method>
			<method name="distanceFromPointToFurthestCorner"  hits="0"  signature="()V" >
				<lines><line number="419"  hits="0" /></lines>
			</method>
		</methods>
		<lines>
			<line number="22"  hits="1"  branch="false" />
			<line number="25"  hits="24"  branch="false" />
			<line number="30"  hits="99"  branch="true"  condition-coverage="50% (1/2)" />
			<line number="32"  hits="99"  branch="false" />
			<line number="33"  hits="99"  branch="false" />
			<line number="34"  hits="99"  branch="false" />
			<line number="35"  hits="99"  branch="false" />
			<line number="36"  hits="99"  branch="false" />
			<line number="37"  hits="99"  branch="false" />
			<line number="38"  hits="99"  branch="false" />
			<line number="41"  hits="99"  branch="false" />
			<line number="71"  hits="99"  branch="false" />
			<line number="72"  hits="99"  branch="false" />
			<line number="73"  hits="99"  branch="false" />
			<line number="74"  hits="99"  branch="false" />
			<line number="75"  hits="99"  branch="false" />
			<line number="76"  hits="99"  branch="false" />
			<line number="77"  hits="99"  branch="false" />
			<line number="78"  hits="99"  branch="false" />
			<line number="80"  hits="99"  branch="true"  condition-coverage="50% (1/2)" />
			<line number="82"  hits="0"  branch="false" />
			<line number="85"  hits="99"  branch="false" />
			<line number="86"  hits="99"  branch="false" />
			<line number="89"  hits="99"  branch="false" />
			<line number="90"  hits="99"  branch="false" />
			<line number="91"  hits="99"  branch="true"  condition-coverage="50% (1/2)" />
			<line number="93"  hits="99"  branch="false" />
			<line number="98"  hits="0"  branch="false" />
			<line number="99"  hits="0"  branch="false" />
			<line number="101"  hits="0"  branch="false" />
			<line number="102"  hits="0"  branch="false" />
			<line number="103"  hits="0"  branch="false" />
			<line number="104"  hits="0"  branch="false" />
			<line number="105"  hits="0"  branch="false" />
			<line number="106"  hits="0"  branch="false" />
			<line number="108"  hits="0"  branch="false" />
			<line number="109"  hits="0"  branch="false" />
			<line number="110"  hits="0"  branch="false" />
			<line number="111"  hits="0"  branch="false" />
			<line number="112"  hits="0"  branch="false" />
			<line number="114"  hits="0"  branch="false" />
			<line number="116"  hits="0"  branch="true"  condition-coverage="0% (0/2)" />
			<line number="118"  hits="0"  branch="false" />
			<line number="119"  hits="0"  branch="false" />
			<line number="120"  hits="0"  branch="false" />
			<line number="122"  hits="0"  branch="false" />
			<line number="123"  hits="0"  branch="false" />
			<line number="124"  hits="0"  branch="false" />
			<line number="126"  hits="0"  branch="false" />
			<line number="131"  hits="0"  branch="false" />
			<line number="134"  hits="0"  branch="false" />
			<line number="135"  hits="0"  branch="true"  condition-coverage="0% (0/2)" />
			<line number="137"  hits="0"  branch="false" />
			<line number="138"  hits="0"  branch="false" />
			<line number="139"  hits="0"  branch="false" />
			<line number="140"  hits="0"  branch="false" />
			<line number="141"  hits="0"  branch="false" />
			<line number="144"  hits="0"  branch="true"  condition-coverage="0% (0/2)" />
			<line number="149"  hits="0"  branch="false" />
			<line number="154"  hits="0"  branch="false" />
			<line number="157"  hits="0"  branch="false" />
			<line number="159"  hits="0"  branch="false" />
			<line number="161"  hits="0"  branch="false" />
			<line number="162"  hits="0"  branch="false" />
			<line number="164"  hits="0"  branch="false" />
			<line number="166"  hits="0"  branch="false" />
			<line number="173"  hits="0"  branch="false" />
			<line number="175"  hits="0"  branch="false" />
			<line number="177"  hits="0"  branch="true"  condition-coverage="0% (0/2)" />
			<line number="179"  hits="0"  branch="false" />
			<line number="181"  hits="0"  branch="true"  condition-coverage="0% (0/2)" />
			<line number="183"  hits="0"  branch="false" />
			<line number="187"  hits="0"  branch="false" />
			<line number="188"  hits="0"  branch="false" />
			<line number="189"  hits="0"  branch="false" />
			<line number="190"  hits="0"  branch="false" />
			<line number="193"  hits="0"  branch="false" />
			<line number="194"  hits="0"  branch="false" />
			<line number="195"  hits="0"  branch="false" />
			<line number="196"  hits="0"  branch="false" />
			<line number="199"  hits="0"  branch="false" />
			<line number="200"  hits="0"  branch="false" />
			<line number="203"  hits="0"  branch="true"  condition-coverage="0% (0/2)" />
			<line number="209"  hits="0"  branch="false" />
			<line number="211"  hits="0"  branch="false" />
			<line number="212"  hits="0"  branch="false" />
			<line number="216"  hits="0"  branch="false" />
			<line number="217"  hits="0"  branch="true"  condition-coverage="0% (0/2)" />
			<line number="219"  hits="0"  branch="false" />
			<line number="220"  hits="0"  branch="false" />
			<line number="224"  hits="0"  branch="false" />
			<line number="227"  hits="0"  branch="false" />
			<line number="228"  hits="0"  branch="false" />
			<line number="229"  hits="0"  branch="true"  condition-coverage="0% (0/2)" />
			<line number="230"  hits="0"  branch="true"  condition-coverage="0% (0/2)" />
			<line number="231"  hits="0"  branch="true"  condition-coverage="0% (0/2)" />
			<line number="232"  hits="0"  branch="true"  condition-coverage="0% (0/4)" />
			<line number="234"  hits="0"  branch="false" />
			<line number="238"  hits="0"  branch="true"  condition-coverage="0% (0/2)" />
			<line number="240"  hits="0"  branch="false" />
			<line number="243"  hits="0"  branch="false" />
			<line number="245"  hits="0"  branch="false" />
			<line number="246"  hits="0"  branch="false" />
			<line number="249"  hits="0"  branch="true"  condition-coverage="0% (0/2)" />
			<line number="253"  hits="0"  branch="false" />
			<line number="254"  hits="0"  branch="false" />
			<line number="259"  hits="99"  branch="false" />
			<line number="260"  hits="99"  branch="false" />
			<line number="261"  hits="99"  branch="false" />
			<line number="262"  hits="99"  branch="false" />
			<line number="264"  hits="99"  branch="false" />
			<line number="267"  hits="99"  branch="false" />
			<line number="271"  hits="1"  branch="false" />
			<line number="274"  hits="0"  branch="false" />
			<line number="275"  hits="0"  branch="false" />
			<line number="276"  hits="0"  branch="false" />
			<line number="277"  hits="0"  branch="false" />
			<line number="279"  hits="0"  branch="false" />
			<line number="280"  hits="0"  branch="false" />
			<line number="281"  hits="0"  branch="false" />
			<line number="283"  hits="0"  branch="false" />
			<line number="284"  hits="0"  branch="false" />
			<line number="287"  hits="1"  branch="false" />
			<line number="290"  hits="0"  branch="false" />
			<line number="291"  hits="0"  branch="false" />
			<line number="292"  hits="0"  branch="false" />
			<line number="294"  hits="0"  branch="true"  condition-coverage="0% (0/2)" />
			<line number="296"  hits="0"  branch="false" />
			<line number="298"  hits="0"  branch="false" />
			<line number="301"  hits="1"  branch="false" />
			<line number="304"  hits="0"  branch="false" />
			<line number="305"  hits="0"  branch="false" />
			<line number="309"  hits="0"  branch="false" />
			<line number="310"  hits="0"  branch="false" />
			<line number="311"  hits="0"  branch="false" />
			<line number="314"  hits="1"  branch="false" />
			<line number="317"  hits="0"  branch="false" />
			<line number="318"  hits="0"  branch="false" />
			<line number="319"  hits="0"  branch="false" />
			<line number="321"  hits="0"  branch="false" />
			<line number="325"  hits="1"  branch="false" />
			<line number="327"  hits="0"  branch="false" />
			<line number="330"  hits="0"  branch="true"  condition-coverage="0% (0/4)" />
			<line number="332"  hits="0"  branch="false" />
			<line number="334"  hits="0"  branch="false" />
			<line number="337"  hits="1"  branch="false" />
			<line number="339"  hits="0"  branch="false" />
			<line number="340"  hits="0"  branch="true"  condition-coverage="0% (0/4)" />
			<line number="342"  hits="0"  branch="false" />
			<line number="344"  hits="0"  branch="false" />
			<line number="350"  hits="1"  branch="false" />
			<line number="352"  hits="0"  branch="true"  condition-coverage="0% (0/2)" />
			<line number="354"  hits="0"  branch="false" />
			<line number="355"  hits="0"  branch="false" />
			<line number="357"  hits="0"  branch="false" />
			<line number="358"  hits="0"  branch="false" />
			<line number="359"  hits="0"  branch="false" />
			<line number="360"  hits="0"  branch="false" />
			<line number="366"  hits="1"  branch="false" />
			<line number="368"  hits="0"  branch="false" />
			<line number="369"  hits="0"  branch="false" />
			<line number="371"  hits="0"  branch="false" />
			<line number="380"  hits="0"  branch="false" />
			<line number="383"  hits="1"  branch="false" />
			<line number="385"  hits="0"  branch="true"  condition-coverage="0% (0/2)" />
			<line number="387"  hits="0"  branch="false" />
			<line number="388"  hits="0"  branch="false" />
			<line number="393"  hits="99"  branch="false" />
			<line number="394"  hits="99"  branch="false" />
			<line number="395"  hits="99"  branch="true"  condition-coverage="75% (3/4)" />
			<line number="397"  hits="99"  branch="false" />
			<line number="400"  hits="1"  branch="false" />
			<line number="402"  hits="0"  branch="false" />
			<line number="403"  hits="0"  branch="true"  condition-coverage="0% (0/2)" />
			<line number="405"  hits="0"  branch="false" />
			<line number="407"  hits="0"  branch="true"  condition-coverage="0% (0/2)" />
			<line number="409"  hits="0"  branch="false" />
			<line number="411"  hits="0"  branch="false" />
			<line number="414"  hits="1"  branch="false" />
			<line number="416"  hits="0"  branch="false" />
			<line number="419"  hits="1"  branch="false" />
			<line number="421"  hits="0"  branch="false" />
			<line number="422"  hits="0"  branch="false" />
			<line number="423"  hits="0"  branch="false" />
			<line number="424"  hits="0"  branch="false" />
			<line number="425"  hits="0"  branch="false" />
		</lines>
		</class>
		<class name="paper-select.js"  filename="public\js\directives\paper\paper-select.js"  line-rate="0.6667000000000001"  branch-rate="0.3704" >
		<methods>
			<method name="(anonymous_1)"  hits="1"  signature="()V" >
				<lines><line number="1"  hits="1" /></lines>
			</method>
			<method name="(anonymous_2)"  hits="7"  signature="()V" >
				<lines><line number="5"  hits="7" /></lines>
			</method>
			<method name="(anonymous_3)"  hits="7"  signature="()V" >
				<lines><line number="13"  hits="7" /></lines>
			</method>
			<method name="(anonymous_4)"  hits="2"  signature="()V" >
				<lines><line number="37"  hits="2" /></lines>
			</method>
			<method name="(anonymous_5)"  hits="0"  signature="()V" >
				<lines><line number="51"  hits="0" /></lines>
			</method>
			<method name="(anonymous_6)"  hits="2"  signature="()V" >
				<lines><line number="55"  hits="2" /></lines>
			</method>
			<method name="(anonymous_7)"  hits="1"  signature="()V" >
				<lines><line number="78"  hits="1" /></lines>
			</method>
			<method name="(anonymous_8)"  hits="0"  signature="()V" >
				<lines><line number="83"  hits="0" /></lines>
			</method>
			<method name="(anonymous_9)"  hits="1"  signature="()V" >
				<lines><line number="90"  hits="1" /></lines>
			</method>
			<method name="(anonymous_10)"  hits="1"  signature="()V" >
				<lines><line number="98"  hits="1" /></lines>
			</method>
			<method name="(anonymous_11)"  hits="0"  signature="()V" >
				<lines><line number="101"  hits="0" /></lines>
			</method>
			<method name="(anonymous_12)"  hits="2"  signature="()V" >
				<lines><line number="112"  hits="2" /></lines>
			</method>
			<method name="(anonymous_13)"  hits="0"  signature="()V" >
				<lines><line number="116"  hits="0" /></lines>
			</method>
			<method name="(anonymous_14)"  hits="0"  signature="()V" >
				<lines><line number="119"  hits="0" /></lines>
			</method>
			<method name="(anonymous_15)"  hits="0"  signature="()V" >
				<lines><line number="121"  hits="0" /></lines>
			</method>
			<method name="(anonymous_16)"  hits="2"  signature="()V" >
				<lines><line number="127"  hits="2" /></lines>
			</method>
			<method name="(anonymous_17)"  hits="2"  signature="()V" >
				<lines><line number="128"  hits="2" /></lines>
			</method>
			<method name="(anonymous_18)"  hits="95"  signature="()V" >
				<lines><line number="137"  hits="95" /></lines>
			</method>
			<method name="(anonymous_19)"  hits="369"  signature="()V" >
				<lines><line number="140"  hits="369" /></lines>
			</method>
			<method name="(anonymous_20)"  hits="2"  signature="()V" >
				<lines><line number="143"  hits="2" /></lines>
			</method>
			<method name="(anonymous_21)"  hits="13"  signature="()V" >
				<lines><line number="150"  hits="13" /></lines>
			</method>
			<method name="(anonymous_22)"  hits="10"  signature="()V" >
				<lines><line number="153"  hits="10" /></lines>
			</method>
			<method name="(anonymous_23)"  hits="18"  signature="()V" >
				<lines><line number="158"  hits="18" /></lines>
			</method>
			<method name="(anonymous_24)"  hits="15"  signature="()V" >
				<lines><line number="162"  hits="15" /></lines>
			</method>
			<method name="(anonymous_25)"  hits="12"  signature="()V" >
				<lines><line number="182"  hits="12" /></lines>
			</method>
			<method name="(anonymous_26)"  hits="7"  signature="()V" >
				<lines><line number="187"  hits="7" /></lines>
			</method>
			<method name="(anonymous_27)"  hits="11"  signature="()V" >
				<lines><line number="192"  hits="11" /></lines>
			</method>
			<method name="(anonymous_28)"  hits="0"  signature="()V" >
				<lines><line number="199"  hits="0" /></lines>
			</method>
			<method name="(anonymous_29)"  hits="7"  signature="()V" >
				<lines><line number="207"  hits="7" /></lines>
			</method>
			<method name="(anonymous_30)"  hits="7"  signature="()V" >
				<lines><line number="210"  hits="7" /></lines>
			</method>
			<method name="(anonymous_31)"  hits="0"  signature="()V" >
				<lines><line number="216"  hits="0" /></lines>
			</method>
			<method name="(anonymous_32)"  hits="0"  signature="()V" >
				<lines><line number="222"  hits="0" /></lines>
			</method>
		</methods>
		<lines>
			<line number="1"  hits="1"  branch="false" />
			<line number="4"  hits="1"  branch="false" />
			<line number="6"  hits="7"  branch="false" />
			<line number="14"  hits="7"  branch="false" />
			<line number="21"  hits="7"  branch="false" />
			<line number="23"  hits="7"  branch="false" />
			<line number="24"  hits="7"  branch="false" />
			<line number="26"  hits="7"  branch="false" />
			<line number="38"  hits="2"  branch="true"  condition-coverage="50% (1/2)" />
			<line number="39"  hits="0"  branch="false" />
			<line number="42"  hits="2"  branch="false" />
			<line number="47"  hits="2"  branch="false" />
			<line number="49"  hits="2"  branch="false" />
			<line number="50"  hits="2"  branch="false" />
			<line number="51"  hits="2"  branch="false" />
			<line number="52"  hits="0"  branch="false" />
			<line number="56"  hits="2"  branch="true"  condition-coverage="50% (1/2)" />
			<line number="57"  hits="0"  branch="false" />
			<line number="60"  hits="2"  branch="true"  condition-coverage="50% (1/2)" />
			<line number="61"  hits="0"  branch="false" />
			<line number="67"  hits="2"  branch="true"  condition-coverage="50% (1/2)" />
			<line number="68"  hits="0"  branch="false" />
			<line number="71"  hits="2"  branch="false" />
			<line number="73"  hits="2"  branch="false" />
			<line number="74"  hits="2"  branch="false" />
			<line number="76"  hits="2"  branch="false" />
			<line number="78"  hits="2"  branch="false" />
			<line number="79"  hits="1"  branch="false" />
			<line number="80"  hits="1"  branch="false" />
			<line number="84"  hits="0"  branch="false" />
			<line number="85"  hits="0"  branch="true"  condition-coverage="0% (0/2)" />
			<line number="86"  hits="0"  branch="false" />
			<line number="88"  hits="0"  branch="false" />
			<line number="91"  hits="1"  branch="true"  condition-coverage="50% (1/2)" />
			<line number="92"  hits="1"  branch="false" />
			<line number="93"  hits="1"  branch="true"  condition-coverage="50% (1/2)" />
			<line number="94"  hits="0"  branch="false" />
			<line number="99"  hits="1"  branch="true"  condition-coverage="50% (1/2)" />
			<line number="100"  hits="1"  branch="true"  condition-coverage="50% (1/2)" />
			<line number="101"  hits="1"  branch="false" />
			<line number="102"  hits="0"  branch="false" />
			<line number="105"  hits="1"  branch="true"  condition-coverage="50% (1/2)" />
			<line number="106"  hits="1"  branch="false" />
			<line number="109"  hits="1"  branch="false" />
			<line number="113"  hits="2"  branch="false" />
			<line number="114"  hits="2"  branch="false" />
			<line number="117"  hits="0"  branch="false" />
			<line number="120"  hits="0"  branch="true"  condition-coverage="0% (0/2)" />
			<line number="121"  hits="0"  branch="false" />
			<line number="122"  hits="0"  branch="false" />
			<line number="123"  hits="0"  branch="false" />
			<line number="128"  hits="2"  branch="false" />
			<line number="129"  hits="2"  branch="false" />
			<line number="130"  hits="2"  branch="true"  condition-coverage="50% (1/2)" />
			<line number="131"  hits="2"  branch="false" />
			<line number="133"  hits="2"  branch="false" />
			<line number="138"  hits="95"  branch="true"  condition-coverage="100% (3/3)" />
			<line number="141"  hits="369"  branch="true"  condition-coverage="100% (2/2)" />
			<line number="144"  hits="2"  branch="true"  condition-coverage="50% (1/2)" />
			<line number="145"  hits="2"  branch="false" />
			<line number="146"  hits="2"  branch="false" />
			<line number="148"  hits="2"  branch="false" />
			<line number="151"  hits="13"  branch="false" />
			<line number="153"  hits="13"  branch="false" />
			<line number="154"  hits="10"  branch="false" />
			<line number="159"  hits="18"  branch="false" />
			<line number="161"  hits="18"  branch="true"  condition-coverage="100% (2/2)" />
			<line number="162"  hits="16"  branch="false" />
			<line number="163"  hits="15"  branch="false" />
			<line number="166"  hits="15"  branch="false" />
			<line number="167"  hits="15"  branch="false" />
			<line number="168"  hits="79"  branch="false" />
			<line number="173"  hits="79"  branch="false" />
			<line number="177"  hits="15"  branch="false" />
			<line number="183"  hits="12"  branch="true"  condition-coverage="33.33333333333333% (1/3)" />
			<line number="187"  hits="7"  branch="false" />
			<line number="188"  hits="7"  branch="false" />
			<line number="189"  hits="7"  branch="false" />
			<line number="192"  hits="7"  branch="false" />
			<line number="193"  hits="11"  branch="false" />
			<line number="194"  hits="11"  branch="false" />
			<line number="195"  hits="11"  branch="false" />
			<line number="198"  hits="7"  branch="true"  condition-coverage="50% (1/2)" />
			<line number="199"  hits="0"  branch="false" />
			<line number="200"  hits="0"  branch="false" />
			<line number="208"  hits="7"  branch="false" />
			<line number="212"  hits="7"  branch="false" />
			<line number="216"  hits="7"  branch="false" />
			<line number="217"  hits="0"  branch="false" />
			<line number="223"  hits="0"  branch="false" />
			<line number="224"  hits="0"  branch="false" />
			<line number="225"  hits="0"  branch="false" />
			<line number="226"  hits="0"  branch="false" />
			<line number="229"  hits="0"  branch="true"  condition-coverage="0% (0/2)" />
			<line number="230"  hits="0"  branch="true"  condition-coverage="0% (0/2)" />
			<line number="233"  hits="0"  branch="true"  condition-coverage="0% (0/4)" />
			<line number="235"  hits="0"  branch="false" />
			<line number="236"  hits="0"  branch="false" />
			<line number="238"  hits="0"  branch="true"  condition-coverage="0% (0/4)" />
			<line number="240"  hits="0"  branch="false" />
			<line number="241"  hits="0"  branch="false" />
			<line number="244"  hits="0"  branch="true"  condition-coverage="0% (0/2)" />
			<line number="245"  hits="0"  branch="false" />
			<line number="246"  hits="0"  branch="false" />
			<line number="248"  hits="0"  branch="false" />
		</lines>
		</class>
		<class name="paper-shadow.js"  filename="public\js\directives\paper\paper-shadow.js"  line-rate="0.8125"  branch-rate="0.625" >
		<methods>
			<method name="(anonymous_1)"  hits="8"  signature="()V" >
				<lines><line number="6"  hits="8" /></lines>
			</method>
			<method name="(anonymous_2)"  hits="8"  signature="()V" >
				<lines><line number="13"  hits="8" /></lines>
			</method>
			<method name="(anonymous_3)"  hits="8"  signature="()V" >
				<lines><line number="49"  hits="8" /></lines>
			</method>
			<method name="(anonymous_4)"  hits="8"  signature="()V" >
				<lines><line number="66"  hits="8" /></lines>
			</method>
		</methods>
		<lines>
			<line number="5"  hits="1"  branch="false" />
			<line number="8"  hits="8"  branch="false" />
			<line number="15"  hits="8"  branch="false" />
			<line number="49"  hits="8"  branch="false" />
			<line number="51"  hits="8"  branch="true"  condition-coverage="100% (2/2)" />
			<line number="52"  hits="8"  branch="true"  condition-coverage="50% (2/4)" />
			<line number="54"  hits="0"  branch="false" />
			<line number="55"  hits="0"  branch="false" />
			<line number="56"  hits="0"  branch="false" />
			<line number="60"  hits="8"  branch="false" />
			<line number="61"  hits="8"  branch="false" />
			<line number="62"  hits="8"  branch="false" />
			<line number="66"  hits="8"  branch="false" />
			<line number="68"  hits="8"  branch="true"  condition-coverage="50% (1/2)" />
			<line number="71"  hits="8"  branch="false" />
			<line number="72"  hits="8"  branch="false" />
		</lines>
		</class>
	</classes>
	</package>
	<package name="..public.js.directives"  line-rate="0.24050000000000002"  branch-rate="0.2261" >
	<classes>
		<class name="angularBindPolymer.js"  filename="public\js\directives\angularBindPolymer.js"  line-rate="0.0455"  branch-rate="0" >
		<methods>
			<method name="(anonymous_1)"  hits="0"  signature="()V" >
				<lines><line number="2"  hits="0" /></lines>
			</method>
			<method name="(anonymous_2)"  hits="0"  signature="()V" >
				<lines><line number="6"  hits="0" /></lines>
			</method>
			<method name="(anonymous_3)"  hits="0"  signature="()V" >
				<lines><line number="31"  hits="0" /></lines>
			</method>
			<method name="(anonymous_4)"  hits="0"  signature="()V" >
				<lines><line number="33"  hits="0" /></lines>
			</method>
		</methods>
		<lines>
			<line number="1"  hits="1"  branch="false" />
			<line number="4"  hits="0"  branch="false" />
			<line number="8"  hits="0"  branch="false" />
			<line number="10"  hits="0"  branch="false" />
			<line number="12"  hits="0"  branch="true"  condition-coverage="0% (0/4)" />
			<line number="14"  hits="0"  branch="false" />
			<line number="15"  hits="0"  branch="true"  condition-coverage="0% (0/2)" />
			<line number="17"  hits="0"  branch="false" />
			<line number="18"  hits="0"  branch="true"  condition-coverage="0% (0/2)" />
			<line number="20"  hits="0"  branch="true"  condition-coverage="0% (0/2)" />
			<line number="22"  hits="0"  branch="false" />
			<line number="25"  hits="0"  branch="false" />
			<line number="31"  hits="0"  branch="false" />
			<line number="33"  hits="0"  branch="false" />
			<line number="35"  hits="0"  branch="false" />
			<line number="37"  hits="0"  branch="true"  condition-coverage="0% (0/2)" />
			<line number="39"  hits="0"  branch="false" />
			<line number="42"  hits="0"  branch="false" />
			<line number="44"  hits="0"  branch="false" />
			<line number="46"  hits="0"  branch="false" />
			<line number="51"  hits="0"  branch="false" />
			<line number="52"  hits="0"  branch="false" />
		</lines>
		</class>
		<class name="attachmentsDirective.js"  filename="public\js\directives\attachmentsDirective.js"  line-rate="0.05"  branch-rate="0" >
		<methods>
			<method name="(anonymous_1)"  hits="0"  signature="()V" >
				<lines><line number="1"  hits="0" /></lines>
			</method>
			<method name="(anonymous_2)"  hits="0"  signature="()V" >
				<lines><line number="12"  hits="0" /></lines>
			</method>
			<method name="(anonymous_3)"  hits="0"  signature="()V" >
				<lines><line number="14"  hits="0" /></lines>
			</method>
			<method name="(anonymous_4)"  hits="0"  signature="()V" >
				<lines><line number="19"  hits="0" /></lines>
			</method>
			<method name="(anonymous_5)"  hits="0"  signature="()V" >
				<lines><line number="23"  hits="0" /></lines>
			</method>
			<method name="(anonymous_6)"  hits="0"  signature="()V" >
				<lines><line number="25"  hits="0" /></lines>
			</method>
			<method name="(anonymous_7)"  hits="0"  signature="()V" >
				<lines><line number="43"  hits="0" /></lines>
			</method>
			<method name="(anonymous_8)"  hits="0"  signature="()V" >
				<lines><line number="45"  hits="0" /></lines>
			</method>
		</methods>
		<lines>
			<line number="1"  hits="1"  branch="false" />
			<line number="3"  hits="0"  branch="false" />
			<line number="14"  hits="0"  branch="false" />
			<line number="16"  hits="0"  branch="false" />
			<line number="19"  hits="0"  branch="false" />
			<line number="21"  hits="0"  branch="false" />
			<line number="22"  hits="0"  branch="false" />
			<line number="23"  hits="0"  branch="false" />
			<line number="25"  hits="0"  branch="false" />
			<line number="27"  hits="0"  branch="true"  condition-coverage="0% (0/2)" />
			<line number="29"  hits="0"  branch="false" />
			<line number="30"  hits="0"  branch="false" />
			<line number="33"  hits="0"  branch="false" />
			<line number="40"  hits="0"  branch="false" />
			<line number="43"  hits="0"  branch="false" />
			<line number="45"  hits="0"  branch="false" />
			<line number="46"  hits="0"  branch="false" />
			<line number="47"  hits="0"  branch="false" />
			<line number="48"  hits="0"  branch="false" />
			<line number="49"  hits="0"  branch="false" />
		</lines>
		</class>
		<class name="contactsDirective.js"  filename="public\js\directives\contactsDirective.js"  line-rate="0.25"  branch-rate="1" >
		<methods>
			<method name="(anonymous_1)"  hits="0"  signature="()V" >
				<lines><line number="1"  hits="0" /></lines>
			</method>
			<method name="(anonymous_2)"  hits="0"  signature="()V" >
				<lines><line number="9"  hits="0" /></lines>
			</method>
			<method name="(anonymous_3)"  hits="0"  signature="()V" >
				<lines><line number="14"  hits="0" /></lines>
			</method>
		</methods>
		<lines>
			<line number="1"  hits="1"  branch="false" />
			<line number="3"  hits="0"  branch="false" />
			<line number="11"  hits="0"  branch="false" />
			<line number="16"  hits="0"  branch="false" />
		</lines>
		</class>
		<class name="documentsDirective.js"  filename="public\js\directives\documentsDirective.js"  line-rate="0.0667"  branch-rate="0" >
		<methods>
			<method name="(anonymous_1)"  hits="0"  signature="()V" >
				<lines><line number="1"  hits="0" /></lines>
			</method>
			<method name="(anonymous_2)"  hits="0"  signature="()V" >
				<lines><line number="9"  hits="0" /></lines>
			</method>
			<method name="(anonymous_3)"  hits="0"  signature="()V" >
				<lines><line number="53"  hits="0" /></lines>
			</method>
			<method name="(anonymous_4)"  hits="0"  signature="()V" >
				<lines><line number="61"  hits="0" /></lines>
			</method>
		</methods>
		<lines>
			<line number="1"  hits="1"  branch="false" />
			<line number="3"  hits="0"  branch="false" />
			<line number="11"  hits="0"  branch="false" />
			<line number="54"  hits="0"  branch="true"  condition-coverage="0% (0/2)" />
			<line number="55"  hits="0"  branch="false" />
			<line number="56"  hits="0"  branch="true"  condition-coverage="0% (0/2)" />
			<line number="57"  hits="0"  branch="false" />
			<line number="58"  hits="0"  branch="true"  condition-coverage="0% (0/2)" />
			<line number="59"  hits="0"  branch="false" />
			<line number="62"  hits="0"  branch="true"  condition-coverage="0% (0/2)" />
			<line number="63"  hits="0"  branch="false" />
			<line number="64"  hits="0"  branch="true"  condition-coverage="0% (0/2)" />
			<line number="65"  hits="0"  branch="false" />
			<line number="66"  hits="0"  branch="true"  condition-coverage="0% (0/2)" />
			<line number="67"  hits="0"  branch="false" />
		</lines>
		</class>
		<class name="gridDirective.js"  filename="public\js\directives\gridDirective.js"  line-rate="0.035699999999999996"  branch-rate="0" >
		<methods>
			<method name="(anonymous_1)"  hits="0"  signature="()V" >
				<lines><line number="2"  hits="0" /></lines>
			</method>
			<method name="(anonymous_2)"  hits="0"  signature="()V" >
				<lines><line number="11"  hits="0" /></lines>
			</method>
			<method name="(anonymous_3)"  hits="0"  signature="()V" >
				<lines><line number="17"  hits="0" /></lines>
			</method>
			<method name="(anonymous_4)"  hits="0"  signature="()V" >
				<lines><line number="28"  hits="0" /></lines>
			</method>
			<method name="(anonymous_5)"  hits="0"  signature="()V" >
				<lines><line number="40"  hits="0" /></lines>
			</method>
			<method name="(anonymous_6)"  hits="0"  signature="()V" >
				<lines><line number="57"  hits="0" /></lines>
			</method>
			<method name="(anonymous_7)"  hits="0"  signature="()V" >
				<lines><line number="67"  hits="0" /></lines>
			</method>
			<method name="(anonymous_8)"  hits="0"  signature="()V" >
				<lines><line number="95"  hits="0" /></lines>
			</method>
			<method name="(anonymous_9)"  hits="0"  signature="()V" >
				<lines><line number="97"  hits="0" /></lines>
			</method>
			<method name="(anonymous_10)"  hits="0"  signature="()V" >
				<lines><line number="101"  hits="0" /></lines>
			</method>
			<method name="(anonymous_11)"  hits="0"  signature="()V" >
				<lines><line number="113"  hits="0" /></lines>
			</method>
			<method name="(anonymous_12)"  hits="0"  signature="()V" >
				<lines><line number="117"  hits="0" /></lines>
			</method>
			<method name="(anonymous_13)"  hits="0"  signature="()V" >
				<lines><line number="120"  hits="0" /></lines>
			</method>
			<method name="(anonymous_14)"  hits="0"  signature="()V" >
				<lines><line number="124"  hits="0" /></lines>
			</method>
		</methods>
		<lines>
			<line number="2"  hits="1"  branch="false" />
			<line number="4"  hits="0"  branch="false" />
			<line number="13"  hits="0"  branch="false" />
			<line number="15"  hits="0"  branch="false" />
			<line number="16"  hits="0"  branch="false" />
			<line number="17"  hits="0"  branch="false" />
			<line number="19"  hits="0"  branch="false" />
			<line number="20"  hits="0"  branch="true"  condition-coverage="0% (0/2)" />
			<line number="22"  hits="0"  branch="false" />
			<line number="26"  hits="0"  branch="false" />
			<line number="27"  hits="0"  branch="false" />
			<line number="28"  hits="0"  branch="false" />
			<line number="30"  hits="0"  branch="true"  condition-coverage="0% (0/2)" />
			<line number="32"  hits="0"  branch="false" />
			<line number="33"  hits="0"  branch="false" />
			<line number="35"  hits="0"  branch="false" />
			<line number="37"  hits="0"  branch="true"  condition-coverage="0% (0/2)" />
			<line number="40"  hits="0"  branch="false" />
			<line number="42"  hits="0"  branch="true"  condition-coverage="0% (0/2)" />
			<line number="44"  hits="0"  branch="false" />
			<line number="46"  hits="0"  branch="true"  condition-coverage="0% (0/2)" />
			<line number="48"  hits="0"  branch="false" />
			<line number="52"  hits="0"  branch="false" />
			<line number="57"  hits="0"  branch="false" />
			<line number="58"  hits="0"  branch="true"  condition-coverage="0% (0/2)" />
			<line number="60"  hits="0"  branch="true"  condition-coverage="0% (0/4)" />
			<line number="62"  hits="0"  branch="false" />
			<line number="65"  hits="0"  branch="false" />
			<line number="67"  hits="0"  branch="false" />
			<line number="69"  hits="0"  branch="true"  condition-coverage="0% (0/2)" />
			<line number="70"  hits="0"  branch="true"  condition-coverage="0% (0/2)" />
			<line number="72"  hits="0"  branch="false" />
			<line number="73"  hits="0"  branch="true"  condition-coverage="0% (0/7)" />
			<line number="76"  hits="0"  branch="false" />
			<line number="77"  hits="0"  branch="false" />
			<line number="79"  hits="0"  branch="false" />
			<line number="80"  hits="0"  branch="false" />
			<line number="84"  hits="0"  branch="false" />
			<line number="85"  hits="0"  branch="false" />
			<line number="87"  hits="0"  branch="false" />
			<line number="88"  hits="0"  branch="false" />
			<line number="90"  hits="0"  branch="false" />
			<line number="93"  hits="0"  branch="false" />
			<line number="95"  hits="0"  branch="false" />
			<line number="97"  hits="0"  branch="true"  condition-coverage="0% (0/2)" />
			<line number="99"  hits="0"  branch="false" />
			<line number="100"  hits="0"  branch="false" />
			<line number="101"  hits="0"  branch="true"  condition-coverage="0% (0/4)" />
			<line number="104"  hits="0"  branch="true"  condition-coverage="0% (0/2)" />
			<line number="113"  hits="1"  branch="false" />
			<line number="115"  hits="0"  branch="false" />
			<line number="119"  hits="0"  branch="false" />
			<line number="120"  hits="0"  branch="false" />
			<line number="122"  hits="0"  branch="true"  condition-coverage="0% (0/2)" />
			<line number="124"  hits="0"  branch="false" />
			<line number="126"  hits="0"  branch="false" />
		</lines>
		</class>
		<class name="notesDirective.js"  filename="public\js\directives\notesDirective.js"  line-rate="0.16670000000000001"  branch-rate="1" >
		<methods>
			<method name="(anonymous_1)"  hits="0"  signature="()V" >
				<lines><line number="1"  hits="0" /></lines>
			</method>
			<method name="(anonymous_2)"  hits="0"  signature="()V" >
				<lines><line number="11"  hits="0" /></lines>
			</method>
			<method name="(anonymous_3)"  hits="0"  signature="()V" >
				<lines><line number="13"  hits="0" /></lines>
			</method>
			<method name="(anonymous_4)"  hits="0"  signature="()V" >
				<lines><line number="21"  hits="0" /></lines>
			</method>
		</methods>
		<lines>
			<line number="1"  hits="1"  branch="false" />
			<line number="3"  hits="0"  branch="false" />
			<line number="13"  hits="0"  branch="false" />
			<line number="15"  hits="0"  branch="false" />
			<line number="21"  hits="0"  branch="false" />
			<line number="23"  hits="0"  branch="false" />
		</lines>
		</class>
		<class name="pictureDirective.js"  filename="public\js\directives\pictureDirective.js"  line-rate="0.0263"  branch-rate="0" >
		<methods>
			<method name="(anonymous_1)"  hits="0"  signature="()V" >
				<lines><line number="1"  hits="0" /></lines>
			</method>
			<method name="(anonymous_2)"  hits="0"  signature="()V" >
				<lines><line number="16"  hits="0" /></lines>
			</method>
			<method name="(anonymous_3)"  hits="0"  signature="()V" >
				<lines><line number="22"  hits="0" /></lines>
			</method>
			<method name="(anonymous_4)"  hits="0"  signature="()V" >
				<lines><line number="27"  hits="0" /></lines>
			</method>
			<method name="(anonymous_5)"  hits="0"  signature="()V" >
				<lines><line number="32"  hits="0" /></lines>
			</method>
			<method name="(anonymous_6)"  hits="0"  signature="()V" >
				<lines><line number="34"  hits="0" /></lines>
			</method>
			<method name="(anonymous_7)"  hits="0"  signature="()V" >
				<lines><line number="52"  hits="0" /></lines>
			</method>
			<method name="(anonymous_8)"  hits="0"  signature="()V" >
				<lines><line number="60"  hits="0" /></lines>
			</method>
			<method name="(anonymous_9)"  hits="0"  signature="()V" >
				<lines><line number="79"  hits="0" /></lines>
			</method>
		</methods>
		<lines>
			<line number="1"  hits="1"  branch="false" />
			<line number="3"  hits="0"  branch="false" />
			<line number="18"  hits="0"  branch="false" />
			<line number="20"  hits="0"  branch="false" />
			<line number="22"  hits="0"  branch="false" />
			<line number="24"  hits="0"  branch="false" />
			<line number="27"  hits="0"  branch="false" />
			<line number="29"  hits="0"  branch="false" />
			<line number="32"  hits="0"  branch="false" />
			<line number="34"  hits="0"  branch="false" />
			<line number="36"  hits="0"  branch="true"  condition-coverage="0% (0/2)" />
			<line number="38"  hits="0"  branch="false" />
			<line number="39"  hits="0"  branch="false" />
			<line number="42"  hits="0"  branch="true"  condition-coverage="0% (0/2)" />
			<line number="43"  hits="0"  branch="false" />
			<line number="45"  hits="0"  branch="false" />
			<line number="47"  hits="0"  branch="false" />
			<line number="48"  hits="0"  branch="false" />
			<line number="52"  hits="0"  branch="false" />
			<line number="54"  hits="0"  branch="true"  condition-coverage="0% (0/4)" />
			<line number="55"  hits="0"  branch="false" />
			<line number="57"  hits="0"  branch="false" />
			<line number="60"  hits="0"  branch="false" />
			<line number="62"  hits="0"  branch="false" />
			<line number="64"  hits="0"  branch="true"  condition-coverage="0% (0/2)" />
			<line number="66"  hits="0"  branch="false" />
			<line number="70"  hits="0"  branch="true"  condition-coverage="0% (0/2)" />
			<line number="72"  hits="0"  branch="false" />
			<line number="76"  hits="0"  branch="true"  condition-coverage="0% (0/2)" />
			<line number="79"  hits="0"  branch="false" />
			<line number="81"  hits="0"  branch="true"  condition-coverage="0% (0/2)" />
			<line number="84"  hits="0"  branch="false" />
			<line number="85"  hits="0"  branch="false" />
			<line number="89"  hits="0"  branch="false" />
			<line number="90"  hits="0"  branch="false" />
			<line number="97"  hits="0"  branch="false" />
			<line number="98"  hits="0"  branch="false" />
			<line number="104"  hits="0"  branch="false" />
		</lines>
		</class>
		<class name="selectFileDirective.js"  filename="public\js\directives\selectFileDirective.js"  line-rate="0.7619"  branch-rate="0.8667" >
		<methods>
			<method name="(anonymous_1)"  hits="1"  signature="()V" >
				<lines><line number="1"  hits="1" /></lines>
			</method>
			<method name="(anonymous_2)"  hits="13"  signature="()V" >
				<lines><line number="5"  hits="13" /></lines>
			</method>
			<method name="(anonymous_3)"  hits="13"  signature="()V" >
				<lines><line number="16"  hits="13" /></lines>
			</method>
			<method name="(anonymous_4)"  hits="0"  signature="()V" >
				<lines><line number="40"  hits="0" /></lines>
			</method>
			<method name="(anonymous_5)"  hits="9"  signature="()V" >
				<lines><line number="50"  hits="9" /></lines>
			</method>
			<method name="(anonymous_6)"  hits="0"  signature="()V" >
				<lines><line number="63"  hits="0" /></lines>
			</method>
			<method name="(anonymous_7)"  hits="0"  signature="()V" >
				<lines><line number="74"  hits="0" /></lines>
			</method>
			<method name="(anonymous_8)"  hits="1"  signature="()V" >
				<lines><line number="86"  hits="1" /></lines>
			</method>
			<method name="(anonymous_9)"  hits="1"  signature="()V" >
				<lines><line number="95"  hits="1" /></lines>
			</method>
			<method name="(anonymous_10)"  hits="0"  signature="()V" >
				<lines><line number="108"  hits="0" /></lines>
			</method>
			<method name="(anonymous_11)"  hits="0"  signature="()V" >
				<lines><line number="115"  hits="0" /></lines>
			</method>
			<method name="(anonymous_12)"  hits="0"  signature="()V" >
				<lines><line number="121"  hits="0" /></lines>
			</method>
			<method name="(anonymous_13)"  hits="0"  signature="()V" >
				<lines><line number="146"  hits="0" /></lines>
			</method>
			<method name="(anonymous_14)"  hits="0"  signature="()V" >
				<lines><line number="152"  hits="0" /></lines>
			</method>
			<method name="(anonymous_15)"  hits="0"  signature="()V" >
				<lines><line number="161"  hits="0" /></lines>
			</method>
		</methods>
		<lines>
			<line number="1"  hits="1"  branch="false" />
			<line number="4"  hits="1"  branch="false" />
			<line number="6"  hits="13"  branch="false" />
			<line number="18"  hits="13"  branch="true"  condition-coverage="100% (2/2)" />
			<line number="20"  hits="1"  branch="false" />
			<line number="24"  hits="12"  branch="true"  condition-coverage="100% (2/2)" />
			<line number="27"  hits="1"  branch="false" />
			<line number="29"  hits="11"  branch="true"  condition-coverage="100% (2/2)" />
			<line number="32"  hits="4"  branch="false" />
			<line number="36"  hits="12"  branch="false" />
			<line number="42"  hits="0"  branch="false" />
			<line number="43"  hits="0"  branch="false" />
			<line number="45"  hits="0"  branch="false" />
			<line number="47"  hits="0"  branch="false" />
			<line number="52"  hits="9"  branch="true"  condition-coverage="50% (1/2)" />
			<line number="54"  hits="9"  branch="false" />
			<line number="55"  hits="9"  branch="true"  condition-coverage="50% (1/2)" />
			<line number="58"  hits="9"  branch="true"  condition-coverage="100% (2/2)" />
			<line number="60"  hits="4"  branch="false" />
			<line number="61"  hits="4"  branch="false" />
			<line number="62"  hits="4"  branch="true"  condition-coverage="100% (2/2)" />
			<line number="63"  hits="2"  branch="false" />
			<line number="65"  hits="0"  branch="false" />
			<line number="67"  hits="2"  branch="false" />
			<line number="72"  hits="7"  branch="true"  condition-coverage="100% (2/2)" />
			<line number="74"  hits="2"  branch="false" />
			<line number="76"  hits="0"  branch="false" />
			<line number="78"  hits="2"  branch="false" />
			<line number="82"  hits="5"  branch="true"  condition-coverage="100% (4/4)" />
			<line number="84"  hits="2"  branch="true"  condition-coverage="100% (2/2)" />
			<line number="86"  hits="1"  branch="false" />
			<line number="88"  hits="1"  branch="false" />
			<line number="94"  hits="1"  branch="false" />
			<line number="95"  hits="1"  branch="false" />
			<line number="97"  hits="1"  branch="false" />
			<line number="99"  hits="1"  branch="false" />
			<line number="104"  hits="3"  branch="false" />
			<line number="110"  hits="0"  branch="false" />
			<line number="111"  hits="0"  branch="false" />
			<line number="112"  hits="0"  branch="false" />
			<line number="117"  hits="0"  branch="false" />
			<line number="123"  hits="0"  branch="false" />
			<line number="129"  hits="12"  branch="false" />
			<line number="130"  hits="12"  branch="true"  condition-coverage="100% (2/2)" />
			<line number="132"  hits="1"  branch="false" />
			<line number="133"  hits="1"  branch="true"  condition-coverage="50% (1/2)" />
			<line number="135"  hits="1"  branch="false" />
			<line number="138"  hits="11"  branch="true"  condition-coverage="50% (1/2)" />
			<line number="140"  hits="11"  branch="false" />
			<line number="143"  hits="11"  branch="false" />
			<line number="144"  hits="11"  branch="false" />
			<line number="146"  hits="11"  branch="false" />
			<line number="147"  hits="0"  branch="false" />
			<line number="148"  hits="0"  branch="false" />
			<line number="151"  hits="11"  branch="false" />
			<line number="152"  hits="11"  branch="false" />
			<line number="153"  hits="0"  branch="false" />
			<line number="157"  hits="11"  branch="false" />
			<line number="158"  hits="11"  branch="false" />
			<line number="159"  hits="11"  branch="false" />
			<line number="160"  hits="11"  branch="false" />
			<line number="161"  hits="11"  branch="false" />
			<line number="162"  hits="0"  branch="false" />
		</lines>
		</class>
		<class name="usersDirective.js"  filename="public\js\directives\usersDirective.js"  line-rate="0.07690000000000001"  branch-rate="0" >
		<methods>
			<method name="(anonymous_1)"  hits="0"  signature="()V" >
				<lines><line number="1"  hits="0" /></lines>
			</method>
			<method name="(anonymous_2)"  hits="0"  signature="()V" >
				<lines><line number="11"  hits="0" /></lines>
			</method>
			<method name="(anonymous_3)"  hits="0"  signature="()V" >
				<lines><line number="20"  hits="0" /></lines>
			</method>
			<method name="(anonymous_4)"  hits="0"  signature="()V" >
				<lines><line number="47"  hits="0" /></lines>
			</method>
		</methods>
		<lines>
			<line number="1"  hits="1"  branch="false" />
			<line number="3"  hits="0"  branch="false" />
			<line number="13"  hits="0"  branch="false" />
			<line number="22"  hits="0"  branch="false" />
			<line number="49"  hits="0"  branch="true"  condition-coverage="0% (0/2)" />
			<line number="52"  hits="0"  branch="false" />
			<line number="53"  hits="0"  branch="false" />
			<line number="55"  hits="0"  branch="true"  condition-coverage="0% (0/2)" />
			<line number="57"  hits="0"  branch="false" />
			<line number="58"  hits="0"  branch="false" />
			<line number="62"  hits="0"  branch="true"  condition-coverage="0% (0/2)" />
			<line number="64"  hits="0"  branch="false" />
			<line number="67"  hits="0"  branch="false" />
		</lines>
		</class>
	</classes>
	</package>
	<package name="..public.js.modules.admin"  line-rate="0.5"  branch-rate="1" >
	<classes>
		<class name="admin.js"  filename="public\js\modules\admin\admin.js"  line-rate="0.5"  branch-rate="1" >
		<methods>
			<method name="(anonymous_1)"  hits="0"  signature="()V" >
				<lines><line number="7"  hits="0" /></lines>
			</method>
			<method name="(anonymous_2)"  hits="0"  signature="()V" >
				<lines><line number="18"  hits="0" /></lines>
			</method>
		</methods>
		<lines>
			<line number="1"  hits="1"  branch="false" />
			<line number="9"  hits="0"  branch="false" />
		</lines>
		</class>
	</classes>
	</package>
	<package name="..public.js.modules.customers.views"  line-rate="0.037000000000000005"  branch-rate="0" >
	<classes>
		<class name="customerCtrl.js"  filename="public\js\modules\customers\views\customerCtrl.js"  line-rate="0.035699999999999996"  branch-rate="0" >
		<methods>
			<method name="(anonymous_1)"  hits="0"  signature="()V" >
				<lines><line number="3"  hits="0" /></lines>
			</method>
			<method name="(anonymous_2)"  hits="0"  signature="()V" >
				<lines><line number="9"  hits="0" /></lines>
			</method>
			<method name="(anonymous_3)"  hits="0"  signature="()V" >
				<lines><line number="19"  hits="0" /></lines>
			</method>
			<method name="(anonymous_4)"  hits="0"  signature="()V" >
				<lines><line number="32"  hits="0" /></lines>
			</method>
			<method name="(anonymous_5)"  hits="0"  signature="()V" >
				<lines><line number="38"  hits="0" /></lines>
			</method>
			<method name="(anonymous_6)"  hits="0"  signature="()V" >
				<lines><line number="44"  hits="0" /></lines>
			</method>
			<method name="(anonymous_7)"  hits="0"  signature="()V" >
				<lines><line number="50"  hits="0" /></lines>
			</method>
		</methods>
		<lines>
			<line number="1"  hits="1"  branch="false" />
			<line number="5"  hits="0"  branch="false" />
			<line number="7"  hits="0"  branch="false" />
			<line number="9"  hits="0"  branch="false" />
			<line number="11"  hits="0"  branch="false" />
			<line number="14"  hits="0"  branch="false" />
			<line number="17"  hits="0"  branch="false" />
			<line number="18"  hits="0"  branch="false" />
			<line number="19"  hits="0"  branch="false" />
			<line number="21"  hits="0"  branch="true"  condition-coverage="0% (0/2)" />
			<line number="23"  hits="0"  branch="false" />
			<line number="24"  hits="0"  branch="false" />
			<line number="26"  hits="0"  branch="false" />
			<line number="28"  hits="0"  branch="true"  condition-coverage="0% (0/2)" />
			<line number="29"  hits="0"  branch="true"  condition-coverage="0% (0/4)" />
			<line number="32"  hits="0"  branch="false" />
			<line number="34"  hits="0"  branch="false" />
			<line number="36"  hits="0"  branch="false" />
			<line number="38"  hits="0"  branch="false" />
			<line number="40"  hits="0"  branch="false" />
			<line number="42"  hits="0"  branch="false" />
			<line number="44"  hits="0"  branch="false" />
			<line number="46"  hits="0"  branch="false" />
			<line number="48"  hits="0"  branch="false" />
			<line number="50"  hits="0"  branch="false" />
			<line number="52"  hits="0"  branch="false" />
			<line number="54"  hits="0"  branch="false" />
			<line number="58"  hits="0"  branch="false" />
		</lines>
		</class>
		<class name="customersCtrl.js"  filename="public\js\modules\customers\views\customersCtrl.js"  line-rate="0.0385"  branch-rate="0" >
		<methods>
			<method name="(anonymous_1)"  hits="0"  signature="()V" >
				<lines><line number="5"  hits="0" /></lines>
			</method>
			<method name="(anonymous_2)"  hits="0"  signature="()V" >
				<lines><line number="10"  hits="0" /></lines>
			</method>
			<method name="(anonymous_3)"  hits="0"  signature="()V" >
				<lines><line number="18"  hits="0" /></lines>
			</method>
			<method name="(anonymous_4)"  hits="0"  signature="()V" >
				<lines><line number="31"  hits="0" /></lines>
			</method>
			<method name="(anonymous_5)"  hits="0"  signature="()V" >
				<lines><line number="37"  hits="0" /></lines>
			</method>
			<method name="(anonymous_6)"  hits="0"  signature="()V" >
				<lines><line number="43"  hits="0" /></lines>
			</method>
			<method name="(anonymous_7)"  hits="0"  signature="()V" >
				<lines><line number="49"  hits="0" /></lines>
			</method>
		</methods>
		<lines>
			<line number="3"  hits="1"  branch="false" />
			<line number="8"  hits="0"  branch="false" />
			<line number="10"  hits="0"  branch="false" />
			<line number="12"  hits="0"  branch="false" />
			<line number="16"  hits="0"  branch="false" />
			<line number="17"  hits="0"  branch="false" />
			<line number="18"  hits="0"  branch="false" />
			<line number="20"  hits="0"  branch="true"  condition-coverage="0% (0/2)" />
			<line number="22"  hits="0"  branch="false" />
			<line number="23"  hits="0"  branch="false" />
			<line number="25"  hits="0"  branch="false" />
			<line number="27"  hits="0"  branch="true"  condition-coverage="0% (0/2)" />
			<line number="28"  hits="0"  branch="true"  condition-coverage="0% (0/4)" />
			<line number="31"  hits="0"  branch="false" />
			<line number="33"  hits="0"  branch="false" />
			<line number="35"  hits="0"  branch="false" />
			<line number="37"  hits="0"  branch="false" />
			<line number="39"  hits="0"  branch="false" />
			<line number="41"  hits="0"  branch="false" />
			<line number="43"  hits="0"  branch="false" />
			<line number="45"  hits="0"  branch="false" />
			<line number="47"  hits="0"  branch="false" />
			<line number="49"  hits="0"  branch="false" />
			<line number="51"  hits="0"  branch="false" />
			<line number="53"  hits="0"  branch="false" />
			<line number="57"  hits="0"  branch="false" />
		</lines>
		</class>
	</classes>
	</package>
	<package name="..public.js.modules.customers"  line-rate="0.0625"  branch-rate="0" >
	<classes>
		<class name="customers.js"  filename="public\js\modules\customers\customers.js"  line-rate="0.5"  branch-rate="1" >
		<methods>
			<method name="(anonymous_1)"  hits="0"  signature="()V" >
				<lines><line number="8"  hits="0" /></lines>
			</method>
			<method name="(anonymous_2)"  hits="0"  signature="()V" >
				<lines><line number="23"  hits="0" /></lines>
			</method>
		</methods>
		<lines>
			<line number="1"  hits="1"  branch="false" />
			<line number="10"  hits="0"  branch="false" />
		</lines>
		</class>
		<class name="customersFilters.js"  filename="public\js\modules\customers\customersFilters.js"  line-rate="0.027000000000000003"  branch-rate="0" >
		<methods>
			<method name="(anonymous_1)"  hits="0"  signature="()V" >
				<lines><line number="3"  hits="0" /></lines>
			</method>
			<method name="(anonymous_2)"  hits="0"  signature="()V" >
				<lines><line number="5"  hits="0" /></lines>
			</method>
			<method name="(anonymous_3)"  hits="0"  signature="()V" >
				<lines><line number="29"  hits="0" /></lines>
			</method>
			<method name="(anonymous_4)"  hits="0"  signature="()V" >
				<lines><line number="31"  hits="0" /></lines>
			</method>
			<method name="(anonymous_5)"  hits="0"  signature="()V" >
				<lines><line number="46"  hits="0" /></lines>
			</method>
			<method name="(anonymous_6)"  hits="0"  signature="()V" >
				<lines><line number="48"  hits="0" /></lines>
			</method>
			<method name="(anonymous_7)"  hits="0"  signature="()V" >
				<lines><line number="63"  hits="0" /></lines>
			</method>
			<method name="(anonymous_8)"  hits="0"  signature="()V" >
				<lines><line number="65"  hits="0" /></lines>
			</method>
			<method name="(anonymous_9)"  hits="0"  signature="()V" >
				<lines><line number="82"  hits="0" /></lines>
			</method>
			<method name="(anonymous_10)"  hits="0"  signature="()V" >
				<lines><line number="84"  hits="0" /></lines>
			</method>
		</methods>
		<lines>
			<line number="2"  hits="1"  branch="false" />
			<line number="5"  hits="0"  branch="false" />
			<line number="7"  hits="0"  branch="true"  condition-coverage="0% (0/2)" />
			<line number="9"  hits="0"  branch="false" />
			<line number="11"  hits="0"  branch="true"  condition-coverage="0% (0/4)" />
			<line number="13"  hits="0"  branch="false" />
			<line number="15"  hits="0"  branch="true"  condition-coverage="0% (0/4)" />
			<line number="17"  hits="0"  branch="false" />
			<line number="19"  hits="0"  branch="true"  condition-coverage="0% (0/2)" />
			<line number="21"  hits="0"  branch="false" />
			<line number="25"  hits="0"  branch="false" />
			<line number="31"  hits="0"  branch="false" />
			<line number="33"  hits="0"  branch="true"  condition-coverage="0% (0/4)" />
			<line number="36"  hits="0"  branch="false" />
			<line number="38"  hits="0"  branch="false" />
			<line number="40"  hits="0"  branch="false" />
			<line number="42"  hits="0"  branch="false" />
			<line number="48"  hits="0"  branch="false" />
			<line number="50"  hits="0"  branch="true"  condition-coverage="0% (0/4)" />
			<line number="53"  hits="0"  branch="false" />
			<line number="55"  hits="0"  branch="false" />
			<line number="57"  hits="0"  branch="false" />
			<line number="59"  hits="0"  branch="false" />
			<line number="65"  hits="0"  branch="false" />
			<line number="67"  hits="0"  branch="true"  condition-coverage="0% (0/5)" />
			<line number="70"  hits="0"  branch="false" />
			<line number="72"  hits="0"  branch="false" />
			<line number="74"  hits="0"  branch="false" />
			<line number="76"  hits="0"  branch="false" />
			<line number="78"  hits="0"  branch="false" />
			<line number="84"  hits="0"  branch="false" />
			<line number="86"  hits="0"  branch="true"  condition-coverage="0% (0/5)" />
			<line number="89"  hits="0"  branch="false" />
			<line number="91"  hits="0"  branch="false" />
			<line number="93"  hits="0"  branch="false" />
			<line number="95"  hits="0"  branch="false" />
			<line number="97"  hits="0"  branch="false" />
		</lines>
		</class>
		<class name="customersServices.js"  filename="public\js\modules\customers\customersServices.js"  line-rate="0.11109999999999999"  branch-rate="0" >
		<methods>
			<method name="(anonymous_1)"  hits="0"  signature="()V" >
				<lines><line number="5"  hits="0" /></lines>
			</method>
			<method name="(anonymous_2)"  hits="0"  signature="()V" >
				<lines><line number="96"  hits="0" /></lines>
			</method>
			<method name="(anonymous_3)"  hits="0"  signature="()V" >
				<lines><line number="100"  hits="0" /></lines>
			</method>
		</methods>
		<lines>
			<line number="1"  hits="1"  branch="false" />
			<line number="7"  hits="0"  branch="false" />
			<line number="95"  hits="0"  branch="false" />
			<line number="98"  hits="0"  branch="false" />
			<line number="102"  hits="0"  branch="false" />
			<line number="104"  hits="0"  branch="false" />
			<line number="105"  hits="0"  branch="true"  condition-coverage="0% (0/2)" />
			<line number="107"  hits="0"  branch="false" />
			<line number="110"  hits="0"  branch="false" />
		</lines>
		</class>
	</classes>
	</package>
	<package name="..public.js.modules.dashboard"  line-rate="0.11109999999999999"  branch-rate="1" >
	<classes>
		<class name="dashboard.js"  filename="public\js\modules\dashboard\dashboard.js"  line-rate="0.11109999999999999"  branch-rate="1" >
		<methods>
			<method name="(anonymous_1)"  hits="0"  signature="()V" >
				<lines><line number="7"  hits="0" /></lines>
			</method>
			<method name="(anonymous_2)"  hits="0"  signature="()V" >
				<lines><line number="18"  hits="0" /></lines>
			</method>
			<method name="(anonymous_3)"  hits="0"  signature="()V" >
				<lines><line number="20"  hits="0" /></lines>
			</method>
			<method name="(anonymous_4)"  hits="0"  signature="()V" >
				<lines><line number="26"  hits="0" /></lines>
			</method>
		</methods>
		<lines>
			<line number="1"  hits="1"  branch="false" />
			<line number="9"  hits="0"  branch="false" />
			<line number="20"  hits="0"  branch="false" />
			<line number="22"  hits="0"  branch="false" />
			<line number="25"  hits="0"  branch="false" />
			<line number="26"  hits="0"  branch="false" />
			<line number="27"  hits="0"  branch="false" />
			<line number="30"  hits="0"  branch="false" />
			<line number="49"  hits="0"  branch="false" />
		</lines>
		</class>
	</classes>
	</package>
	<package name="..public.js.modules.financial"  line-rate="0.5"  branch-rate="1" >
	<classes>
		<class name="financial.js"  filename="public\js\modules\financial\financial.js"  line-rate="0.5"  branch-rate="1" >
		<methods>
			<method name="(anonymous_1)"  hits="0"  signature="()V" >
				<lines><line number="7"  hits="0" /></lines>
			</method>
			<method name="(anonymous_2)"  hits="0"  signature="()V" >
				<lines><line number="18"  hits="0" /></lines>
			</method>
		</methods>
		<lines>
			<line number="1"  hits="1"  branch="false" />
			<line number="9"  hits="0"  branch="false" />
		</lines>
		</class>
	</classes>
	</package>
	<package name="..public.js.modules.infosPortal.views"  line-rate="0.0556"  branch-rate="0" >
	<classes>
		<class name="infosPortalCtrl.js"  filename="public\js\modules\infosPortal\views\infosPortalCtrl.js"  line-rate="0.0556"  branch-rate="0" >
		<methods>
			<method name="(anonymous_1)"  hits="0"  signature="()V" >
				<lines><line number="2"  hits="0" /></lines>
			</method>
			<method name="(anonymous_2)"  hits="0"  signature="()V" >
				<lines><line number="11"  hits="0" /></lines>
			</method>
			<method name="(anonymous_3)"  hits="0"  signature="()V" >
				<lines><line number="15"  hits="0" /></lines>
			</method>
			<method name="(anonymous_4)"  hits="0"  signature="()V" >
				<lines><line number="28"  hits="0" /></lines>
			</method>
			<method name="(anonymous_5)"  hits="0"  signature="()V" >
				<lines><line number="34"  hits="0" /></lines>
			</method>
		</methods>
		<lines>
			<line number="1"  hits="1"  branch="false" />
			<line number="5"  hits="0"  branch="false" />
			<line number="7"  hits="0"  branch="false" />
			<line number="8"  hits="0"  branch="false" />
			<line number="11"  hits="0"  branch="false" />
			<line number="13"  hits="0"  branch="false" />
			<line number="15"  hits="0"  branch="false" />
			<line number="17"  hits="0"  branch="true"  condition-coverage="0% (0/2)" />
			<line number="19"  hits="0"  branch="false" />
			<line number="20"  hits="0"  branch="false" />
			<line number="23"  hits="0"  branch="false" />
			<line number="24"  hits="0"  branch="false" />
			<line number="28"  hits="0"  branch="false" />
			<line number="30"  hits="0"  branch="false" />
			<line number="31"  hits="0"  branch="false" />
			<line number="34"  hits="0"  branch="false" />
			<line number="36"  hits="0"  branch="false" />
			<line number="37"  hits="0"  branch="false" />
		</lines>
		</class>
	</classes>
	</package>
	<package name="..public.js.modules.infosPortal"  line-rate="0.5"  branch-rate="1" >
	<classes>
		<class name="infosPortal.js"  filename="public\js\modules\infosPortal\infosPortal.js"  line-rate="0.5"  branch-rate="1" >
		<methods>
			<method name="(anonymous_1)"  hits="0"  signature="()V" >
				<lines><line number="9"  hits="0" /></lines>
			</method>
		</methods>
		<lines>
			<line number="1"  hits="1"  branch="false" />
			<line number="11"  hits="0"  branch="false" />
		</lines>
		</class>
		<class name="infosPortalServices.js"  filename="public\js\modules\infosPortal\infosPortalServices.js"  line-rate="0.5"  branch-rate="1" >
		<methods>
			<method name="(anonymous_1)"  hits="0"  signature="()V" >
				<lines><line number="4"  hits="0" /></lines>
			</method>
		</methods>
		<lines>
			<line number="1"  hits="1"  branch="false" />
			<line number="6"  hits="0"  branch="false" />
		</lines>
		</class>
	</classes>
	</package>
	<package name="..public.js.modules.products.views"  line-rate="0.0213"  branch-rate="0" >
	<classes>
		<class name="productCtrl.js"  filename="public\js\modules\products\views\productCtrl.js"  line-rate="0.0154"  branch-rate="0" >
		<methods>
			<method name="(anonymous_1)"  hits="0"  signature="()V" >
				<lines><line number="3"  hits="0" /></lines>
			</method>
			<method name="(anonymous_2)"  hits="0"  signature="()V" >
				<lines><line number="15"  hits="0" /></lines>
			</method>
			<method name="(anonymous_3)"  hits="0"  signature="()V" >
				<lines><line number="20"  hits="0" /></lines>
			</method>
			<method name="(anonymous_4)"  hits="0"  signature="()V" >
				<lines><line number="57"  hits="0" /></lines>
			</method>
			<method name="(anonymous_5)"  hits="0"  signature="()V" >
				<lines><line number="63"  hits="0" /></lines>
			</method>
			<method name="(anonymous_6)"  hits="0"  signature="()V" >
				<lines><line number="73"  hits="0" /></lines>
			</method>
			<method name="(anonymous_7)"  hits="0"  signature="()V" >
				<lines><line number="78"  hits="0" /></lines>
			</method>
			<method name="(anonymous_8)"  hits="0"  signature="()V" >
				<lines><line number="90"  hits="0" /></lines>
			</method>
			<method name="(anonymous_9)"  hits="0"  signature="()V" >
				<lines><line number="138"  hits="0" /></lines>
			</method>
		</methods>
		<lines>
			<line number="1"  hits="1"  branch="false" />
			<line number="5"  hits="0"  branch="false" />
			<line number="6"  hits="0"  branch="false" />
			<line number="8"  hits="0"  branch="false" />
			<line number="9"  hits="0"  branch="false" />
			<line number="11"  hits="0"  branch="true"  condition-coverage="0% (0/2)" />
			<line number="13"  hits="0"  branch="true"  condition-coverage="0% (0/2)" />
			<line number="15"  hits="0"  branch="false" />
			<line number="17"  hits="0"  branch="false" />
			<line number="20"  hits="0"  branch="false" />
			<line number="22"  hits="0"  branch="true"  condition-coverage="0% (0/2)" />
			<line number="25"  hits="0"  branch="true"  condition-coverage="0% (0/2)" />
			<line number="27"  hits="0"  branch="false" />
			<line number="31"  hits="0"  branch="false" />
			<line number="34"  hits="0"  branch="true"  condition-coverage="0% (0/2)" />
			<line number="37"  hits="0"  branch="true"  condition-coverage="0% (0/2)" />
			<line number="39"  hits="0"  branch="false" />
			<line number="43"  hits="0"  branch="false" />
			<line number="48"  hits="0"  branch="true"  condition-coverage="0% (0/2)" />
			<line number="50"  hits="0"  branch="true"  condition-coverage="0% (0/2)" />
			<line number="51"  hits="0"  branch="false" />
			<line number="55"  hits="0"  branch="false" />
			<line number="56"  hits="0"  branch="false" />
			<line number="57"  hits="0"  branch="false" />
			<line number="59"  hits="0"  branch="false" />
			<line number="60"  hits="0"  branch="false" />
			<line number="63"  hits="0"  branch="false" />
			<line number="65"  hits="0"  branch="true"  condition-coverage="0% (0/2)" />
[...]
				<lines><line number="177"  hits="0" /></lines>
			</method>
			<method name="(anonymous_7)"  hits="0"  signature="()V" >
				<lines><line number="185"  hits="0" /></lines>
			</method>
			<method name="(anonymous_8)"  hits="0"  signature="()V" >
				<lines><line number="198"  hits="0" /></lines>
			</method>
			<method name="(anonymous_9)"  hits="0"  signature="()V" >
				<lines><line number="216"  hits="0" /></lines>
			</method>
			<method name="(anonymous_10)"  hits="0"  signature="()V" >
				<lines><line number="229"  hits="0" /></lines>
			</method>
			<method name="(anonymous_11)"  hits="0"  signature="()V" >
				<lines><line number="242"  hits="0" /></lines>
			</method>
			<method name="(anonymous_12)"  hits="0"  signature="()V" >
				<lines><line number="260"  hits="0" /></lines>
			</method>
			<method name="(anonymous_13)"  hits="0"  signature="()V" >
				<lines><line number="284"  hits="0" /></lines>
			</method>
			<method name="(anonymous_14)"  hits="0"  signature="()V" >
				<lines><line number="354"  hits="0" /></lines>
			</method>
			<method name="(anonymous_15)"  hits="0"  signature="()V" >
				<lines><line number="419"  hits="0" /></lines>
			</method>
			<method name="(anonymous_16)"  hits="0"  signature="()V" >
				<lines><line number="436"  hits="0" /></lines>
			</method>
			<method name="(anonymous_17)"  hits="0"  signature="()V" >
				<lines><line number="444"  hits="0" /></lines>
			</method>
			<method name="(anonymous_18)"  hits="0"  signature="()V" >
				<lines><line number="459"  hits="0" /></lines>
			</method>
			<method name="(anonymous_19)"  hits="0"  signature="()V" >
				<lines><line number="467"  hits="0" /></lines>
			</method>
			<method name="(anonymous_20)"  hits="0"  signature="()V" >
				<lines><line number="482"  hits="0" /></lines>
			</method>
			<method name="(anonymous_21)"  hits="0"  signature="()V" >
				<lines><line number="488"  hits="0" /></lines>
			</method>
			<method name="(anonymous_22)"  hits="0"  signature="()V" >
				<lines><line number="493"  hits="0" /></lines>
			</method>
			<method name="(anonymous_23)"  hits="0"  signature="()V" >
				<lines><line number="539"  hits="0" /></lines>
			</method>
			<method name="(anonymous_24)"  hits="0"  signature="()V" >
				<lines><line number="544"  hits="0" /></lines>
			</method>
			<method name="(anonymous_25)"  hits="0"  signature="()V" >
				<lines><line number="549"  hits="0" /></lines>
			</method>
			<method name="(anonymous_26)"  hits="0"  signature="()V" >
				<lines><line number="571"  hits="0" /></lines>
			</method>
		</methods>
		<lines>
			<line number="1"  hits="1"  branch="false" />
			<line number="8"  hits="0"  branch="false" />
			<line number="9"  hits="0"  branch="false" />
			<line number="11"  hits="0"  branch="false" />
			<line number="13"  hits="0"  branch="false" />
			<line number="14"  hits="0"  branch="false" />
			<line number="15"  hits="0"  branch="false" />
			<line number="18"  hits="0"  branch="false" />
			<line number="20"  hits="0"  branch="false" />
			<line number="21"  hits="0"  branch="false" />
			<line number="23"  hits="0"  branch="false" />
			<line number="24"  hits="0"  branch="false" />
			<line number="26"  hits="0"  branch="false" />
			<line number="27"  hits="0"  branch="false" />
			<line number="29"  hits="0"  branch="false" />
			<line number="30"  hits="0"  branch="false" />
			<line number="32"  hits="0"  branch="false" />
			<line number="34"  hits="0"  branch="false" />
			<line number="36"  hits="0"  branch="false" />
			<line number="38"  hits="0"  branch="false" />
			<line number="40"  hits="0"  branch="false" />
			<line number="41"  hits="0"  branch="false" />
			<line number="42"  hits="0"  branch="false" />
			<line number="43"  hits="0"  branch="false" />
			<line number="45"  hits="0"  branch="false" />
			<line number="46"  hits="0"  branch="false" />
			<line number="48"  hits="0"  branch="false" />
			<line number="50"  hits="0"  branch="false" />
			<line number="51"  hits="0"  branch="false" />
			<line number="53"  hits="0"  branch="false" />
			<line number="54"  hits="0"  branch="false" />
			<line number="56"  hits="0"  branch="false" />
			<line number="91"  hits="0"  branch="false" />
			<line number="92"  hits="0"  branch="false" />
			<line number="93"  hits="0"  branch="false" />
			<line number="96"  hits="0"  branch="false" />
			<line number="98"  hits="0"  branch="false" />
			<line number="101"  hits="0"  branch="false" />
			<line number="102"  hits="0"  branch="false" />
			<line number="104"  hits="0"  branch="false" />
			<line number="106"  hits="0"  branch="false" />
			<line number="108"  hits="0"  branch="false" />
			<line number="110"  hits="0"  branch="false" />
			<line number="112"  hits="0"  branch="false" />
			<line number="118"  hits="0"  branch="false" />
			<line number="119"  hits="0"  branch="false" />
			<line number="121"  hits="0"  branch="false" />
			<line number="123"  hits="0"  branch="false" />
			<line number="129"  hits="0"  branch="false" />
			<line number="131"  hits="0"  branch="true"  condition-coverage="0% (0/2)" />
			<line number="133"  hits="0"  branch="true"  condition-coverage="0% (0/2)" />
			<line number="135"  hits="0"  branch="false" />
			<line number="137"  hits="0"  branch="false" />
			<line number="138"  hits="0"  branch="true"  condition-coverage="0% (0/2)" />
			<line number="140"  hits="0"  branch="false" />
			<line number="141"  hits="0"  branch="false" />
			<line number="144"  hits="0"  branch="false" />
			<line number="145"  hits="0"  branch="true"  condition-coverage="0% (0/2)" />
			<line number="147"  hits="0"  branch="false" />
			<line number="149"  hits="0"  branch="false" />
			<line number="151"  hits="0"  branch="false" />
			<line number="152"  hits="0"  branch="false" />
			<line number="154"  hits="0"  branch="true"  condition-coverage="0% (0/2)" />
			<line number="155"  hits="0"  branch="false" />
			<line number="158"  hits="0"  branch="true"  condition-coverage="0% (0/2)" />
			<line number="160"  hits="0"  branch="false" />
			<line number="161"  hits="0"  branch="false" />
			<line number="165"  hits="0"  branch="false" />
			<line number="167"  hits="0"  branch="true"  condition-coverage="0% (0/2)" />
			<line number="168"  hits="0"  branch="false" />
			<line number="170"  hits="0"  branch="false" />
			<line number="172"  hits="0"  branch="false" />
			<line number="173"  hits="0"  branch="false" />
			<line number="174"  hits="0"  branch="false" />
			<line number="177"  hits="0"  branch="false" />
			<line number="179"  hits="0"  branch="false" />
			<line number="185"  hits="0"  branch="false" />
			<line number="187"  hits="0"  branch="true"  condition-coverage="0% (0/2)" />
			<line number="189"  hits="0"  branch="false" />
			<line number="190"  hits="0"  branch="false" />
			<line number="192"  hits="0"  branch="false" />
			<line number="194"  hits="0"  branch="false" />
			<line number="198"  hits="0"  branch="false" />
			<line number="200"  hits="0"  branch="true"  condition-coverage="0% (0/2)" />
			<line number="202"  hits="0"  branch="false" />
			<line number="204"  hits="0"  branch="false" />
			<line number="205"  hits="0"  branch="false" />
			<line number="207"  hits="0"  branch="false" />
			<line number="208"  hits="0"  branch="false" />
			<line number="209"  hits="0"  branch="false" />
			<line number="211"  hits="0"  branch="false" />
			<line number="212"  hits="0"  branch="false" />
			<line number="216"  hits="0"  branch="false" />
			<line number="218"  hits="0"  branch="false" />
			<line number="220"  hits="0"  branch="false" />
			<line number="221"  hits="0"  branch="true"  condition-coverage="0% (0/2)" />
			<line number="223"  hits="0"  branch="false" />
			<line number="225"  hits="0"  branch="false" />
			<line number="229"  hits="0"  branch="false" />
			<line number="231"  hits="0"  branch="false" />
			<line number="233"  hits="0"  branch="false" />
			<line number="234"  hits="0"  branch="true"  condition-coverage="0% (0/2)" />
			<line number="236"  hits="0"  branch="false" />
			<line number="238"  hits="0"  branch="false" />
			<line number="242"  hits="0"  branch="false" />
			<line number="244"  hits="0"  branch="false" />
			<line number="245"  hits="0"  branch="false" />
			<line number="246"  hits="0"  branch="false" />
			<line number="247"  hits="0"  branch="false" />
			<line number="248"  hits="0"  branch="false" />
			<line number="249"  hits="0"  branch="false" />
			<line number="250"  hits="0"  branch="false" />
			<line number="251"  hits="0"  branch="false" />
			<line number="253"  hits="0"  branch="false" />
			<line number="260"  hits="0"  branch="false" />
			<line number="262"  hits="0"  branch="false" />
			<line number="264"  hits="0"  branch="false" />
			<line number="265"  hits="0"  branch="true"  condition-coverage="0% (0/4)" />
			<line number="268"  hits="0"  branch="false" />
			<line number="269"  hits="0"  branch="false" />
			<line number="272"  hits="0"  branch="false" />
			<line number="273"  hits="0"  branch="false" />
			<line number="276"  hits="0"  branch="false" />
			<line number="277"  hits="0"  branch="false" />
			<line number="280"  hits="0"  branch="false" />
			<line number="284"  hits="0"  branch="false" />
			<line number="286"  hits="0"  branch="false" />
			<line number="287"  hits="0"  branch="true"  condition-coverage="0% (0/2)" />
			<line number="289"  hits="0"  branch="false" />
			<line number="290"  hits="0"  branch="true"  condition-coverage="0% (0/2)" />
			<line number="292"  hits="0"  branch="false" />
			<line number="293"  hits="0"  branch="false" />
			<line number="296"  hits="0"  branch="false" />
			<line number="300"  hits="0"  branch="true"  condition-coverage="0% (0/4)" />
			<line number="302"  hits="0"  branch="false" />
			<line number="303"  hits="0"  branch="false" />
			<line number="304"  hits="0"  branch="false" />
			<line number="307"  hits="0"  branch="true"  condition-coverage="0% (0/2)" />
			<line number="309"  hits="0"  branch="false" />
			<line number="310"  hits="0"  branch="true"  condition-coverage="0% (0/2)" />
			<line number="312"  hits="0"  branch="false" />
			<line number="314"  hits="0"  branch="false" />
			<line number="315"  hits="0"  branch="false" />
			<line number="317"  hits="0"  branch="false" />
			<line number="318"  hits="0"  branch="false" />
			<line number="319"  hits="0"  branch="false" />
			<line number="320"  hits="0"  branch="false" />
			<line number="322"  hits="0"  branch="true"  condition-coverage="0% (0/2)" />
			<line number="324"  hits="0"  branch="false" />
			<line number="325"  hits="0"  branch="false" />
			<line number="327"  hits="0"  branch="false" />
			<line number="329"  hits="0"  branch="false" />
			<line number="332"  hits="0"  branch="true"  condition-coverage="0% (0/2)" />
			<line number="334"  hits="0"  branch="false" />
			<line number="336"  hits="0"  branch="true"  condition-coverage="0% (0/2)" />
			<line number="338"  hits="0"  branch="false" />
			<line number="342"  hits="0"  branch="false" />
			<line number="347"  hits="0"  branch="false" />
			<line number="348"  hits="0"  branch="false" />
			<line number="350"  hits="0"  branch="false" />
			<line number="354"  hits="0"  branch="false" />
			<line number="356"  hits="0"  branch="false" />
			<line number="357"  hits="0"  branch="true"  condition-coverage="0% (0/2)" />
			<line number="359"  hits="0"  branch="false" />
			<line number="361"  hits="0"  branch="false" />
			<line number="362"  hits="0"  branch="false" />
			<line number="364"  hits="0"  branch="false" />
			<line number="365"  hits="0"  branch="false" />
			<line number="366"  hits="0"  branch="false" />
			<line number="367"  hits="0"  branch="false" />
			<line number="369"  hits="0"  branch="false" />
			<line number="370"  hits="0"  branch="true"  condition-coverage="0% (0/2)" />
			<line number="371"  hits="0"  branch="false" />
			<line number="372"  hits="0"  branch="false" />
			<line number="374"  hits="0"  branch="false" />
			<line number="375"  hits="0"  branch="true"  condition-coverage="0% (0/2)" />
			<line number="376"  hits="0"  branch="false" />
			<line number="378"  hits="0"  branch="false" />
			<line number="379"  hits="0"  branch="true"  condition-coverage="0% (0/2)" />
			<line number="380"  hits="0"  branch="false" />
			<line number="381"  hits="0"  branch="false" />
			<line number="386"  hits="0"  branch="true"  condition-coverage="0% (0/2)" />
			<line number="388"  hits="0"  branch="false" />
			<line number="389"  hits="0"  branch="false" />
			<line number="392"  hits="0"  branch="false" />
			<line number="395"  hits="0"  branch="false" />
			<line number="396"  hits="0"  branch="true"  condition-coverage="0% (0/2)" />
			<line number="398"  hits="0"  branch="false" />
			<line number="400"  hits="0"  branch="true"  condition-coverage="0% (0/2)" />
			<line number="402"  hits="0"  branch="false" />
			<line number="406"  hits="0"  branch="false" />
			<line number="407"  hits="0"  branch="false" />
			<line number="408"  hits="0"  branch="true"  condition-coverage="0% (0/2)" />
			<line number="410"  hits="0"  branch="false" />
			<line number="413"  hits="0"  branch="false" />
			<line number="415"  hits="0"  branch="false" />
			<line number="419"  hits="0"  branch="false" />
			<line number="421"  hits="0"  branch="false" />
			<line number="422"  hits="0"  branch="true"  condition-coverage="0% (0/2)" />
			<line number="424"  hits="0"  branch="false" />
			<line number="426"  hits="0"  branch="false" />
			<line number="427"  hits="0"  branch="false" />
			<line number="429"  hits="0"  branch="false" />
			<line number="430"  hits="0"  branch="false" />
			<line number="432"  hits="0"  branch="false" />
			<line number="436"  hits="0"  branch="false" />
			<line number="438"  hits="0"  branch="false" />
			<line number="440"  hits="0"  branch="false" />
			<line number="444"  hits="0"  branch="false" />
			<line number="446"  hits="0"  branch="true"  condition-coverage="0% (0/2)" />
			<line number="448"  hits="0"  branch="false" />
			<line number="450"  hits="0"  branch="true"  condition-coverage="0% (0/2)" />
			<line number="452"  hits="0"  branch="false" />
			<line number="454"  hits="0"  branch="false" />
			<line number="459"  hits="0"  branch="false" />
			<line number="461"  hits="0"  branch="false" />
			<line number="463"  hits="0"  branch="false" />
			<line number="467"  hits="0"  branch="false" />
			<line number="469"  hits="0"  branch="true"  condition-coverage="0% (0/2)" />
			<line number="471"  hits="0"  branch="false" />
			<line number="473"  hits="0"  branch="true"  condition-coverage="0% (0/2)" />
			<line number="475"  hits="0"  branch="false" />
			<line number="477"  hits="0"  branch="false" />
			<line number="482"  hits="0"  branch="false" />
			<line number="484"  hits="0"  branch="false" />
			<line number="485"  hits="0"  branch="false" />
			<line number="487"  hits="0"  branch="false" />
			<line number="488"  hits="0"  branch="false" />
			<line number="489"  hits="0"  branch="false" />
			<line number="490"  hits="0"  branch="false" />
			<line number="493"  hits="0"  branch="false" />
			<line number="494"  hits="0"  branch="false" />
			<line number="495"  hits="0"  branch="false" />
			<line number="496"  hits="0"  branch="false" />
			<line number="497"  hits="0"  branch="false" />
			<line number="499"  hits="0"  branch="false" />
			<line number="500"  hits="0"  branch="false" />
			<line number="501"  hits="0"  branch="false" />
			<line number="502"  hits="0"  branch="true"  condition-coverage="0% (0/2)" />
			<line number="503"  hits="0"  branch="false" />
			<line number="505"  hits="0"  branch="false" />
			<line number="506"  hits="0"  branch="false" />
			<line number="507"  hits="0"  branch="false" />
			<line number="509"  hits="0"  branch="false" />
			<line number="510"  hits="0"  branch="false" />
			<line number="512"  hits="0"  branch="false" />
			<line number="514"  hits="0"  branch="true"  condition-coverage="0% (0/4)" />
			<line number="516"  hits="0"  branch="false" />
			<line number="517"  hits="0"  branch="false" />
			<line number="520"  hits="0"  branch="true"  condition-coverage="0% (0/4)" />
			<line number="522"  hits="0"  branch="false" />
			<line number="523"  hits="0"  branch="false" />
			<line number="526"  hits="0"  branch="true"  condition-coverage="0% (0/4)" />
			<line number="528"  hits="0"  branch="false" />
			<line number="529"  hits="0"  branch="false" />
			<line number="532"  hits="0"  branch="false" />
			<line number="533"  hits="0"  branch="false" />
			<line number="534"  hits="0"  branch="false" />
			<line number="535"  hits="0"  branch="false" />
			<line number="539"  hits="0"  branch="false" />
			<line number="540"  hits="0"  branch="false" />
			<line number="544"  hits="0"  branch="false" />
			<line number="546"  hits="0"  branch="false" />
			<line number="547"  hits="0"  branch="true"  condition-coverage="0% (0/2)" />
			<line number="549"  hits="0"  branch="false" />
			<line number="550"  hits="0"  branch="false" />
			<line number="555"  hits="0"  branch="false" />
			<line number="557"  hits="0"  branch="false" />
			<line number="558"  hits="0"  branch="false" />
			<line number="560"  hits="0"  branch="false" />
			<line number="562"  hits="0"  branch="false" />
			<line number="565"  hits="0"  branch="false" />
			<line number="570"  hits="0"  branch="false" />
			<line number="573"  hits="0"  branch="false" />
			<line number="574"  hits="0"  branch="false" />
			<line number="576"  hits="0"  branch="false" />
			<line number="578"  hits="0"  branch="false" />
			<line number="580"  hits="0"  branch="false" />
			<line number="582"  hits="0"  branch="false" />
		</lines>
		</class>
	</classes>
	</package>
	<package name="..public.js"  line-rate="0.5"  branch-rate="0.25" >
	<classes>
		<class name="app.js"  filename="public\js\app.js"  line-rate="0.4286"  branch-rate="1" >
		<methods>
			<method name="(anonymous_1)"  hits="0"  signature="()V" >
				<lines><line number="18"  hits="0" /></lines>
			</method>
			<method name="(anonymous_2)"  hits="0"  signature="()V" >
				<lines><line number="28"  hits="0" /></lines>
			</method>
		</methods>
		<lines>
			<line number="1"  hits="1"  branch="false" />
			<line number="17"  hits="1"  branch="false" />
			<line number="20"  hits="0"  branch="false" />
			<line number="28"  hits="1"  branch="false" />
			<line number="30"  hits="0"  branch="false" />
			<line number="34"  hits="0"  branch="false" />
			<line number="35"  hits="0"  branch="false" />
		</lines>
		</class>
		<class name="test.js"  filename="public\js\test.js"  line-rate="0.5455"  branch-rate="0.25" >
		<methods>
			<method name="(anonymous_1)"  hits="13"  signature="()V" >
				<lines><line number="4"  hits="13" /></lines>
			</method>
			<method name="(anonymous_2)"  hits="1"  signature="()V" >
				<lines><line number="17"  hits="1" /></lines>
			</method>
			<method name="(anonymous_3)"  hits="0"  signature="()V" >
				<lines><line number="24"  hits="0" /></lines>
			</method>
		</methods>
		<lines>
			<line number="1"  hits="1"  branch="false" />
			<line number="6"  hits="13"  branch="false" />
			<line number="7"  hits="13"  branch="true"  condition-coverage="50% (1/2)" />
			<line number="9"  hits="13"  branch="false" />
			<line number="13"  hits="0"  branch="false" />
			<line number="15"  hits="13"  branch="false" />
			<line number="19"  hits="1"  branch="false" />
			<line number="26"  hits="0"  branch="false" />
			<line number="27"  hits="0"  branch="true"  condition-coverage="0% (0/2)" />
			<line number="29"  hits="0"  branch="false" />
			<line number="32"  hits="0"  branch="false" />
		</lines>
		</class>
	</classes>
	</package>
</packages>
</coverage>
