<?xml version="1.0" ?>
<!DOCTYPE coverage SYSTEM "http://cobertura.sourceforge.net/xml/coverage-04.dtd">
<coverage lines-valid="1883"  lines-covered="378"  line-rate="0.2007"  branches-valid="743"  branches-covered="136"  branch-rate="0.183"  timestamp="1406815856294" complexity="0" version="0.1">
<sources>
	<source>D:\GIT\Test\app</source>
</sources>
<packages>
	<package name="..public.js.directives.ui"  line-rate="0.551"  branch-rate="0.5118" >
	<classes>
		<class name="ui-button.js"  filename="public\js\directives\ui\ui-button.js"  line-rate="0.8621"  branch-rate="0.9737" >
		<methods>
			<method name="(anonymous_1)"  hits="17"  signature="()V" >
				<lines><line number="24"  hits="17" /></lines>
			</method>
			<method name="(anonymous_2)"  hits="17"  signature="()V" >
				<lines><line number="33"  hits="17" /></lines>
			</method>
		</methods>
		<lines>
			<line number="23"  hits="1"  branch="false" />
			<line number="26"  hits="17"  branch="false" />
			<line number="35"  hits="17"  branch="true"  condition-coverage="100% (4/4)" />
			<line number="37"  hits="1"  branch="false" />
			<line number="39"  hits="17"  branch="true"  condition-coverage="100% (4/4)" />
			<line number="41"  hits="1"  branch="false" />
			<line number="44"  hits="17"  branch="false" />
			<line number="50"  hits="17"  branch="false" />
		</lines>
		</class>
		<class name="ui-fab.js"  filename="public\js\directives\ui\ui-fab.js"  line-rate="0.5"  branch-rate="1" >
		<methods>
			<method name="(anonymous_1)"  hits="0"  signature="()V" >
				<lines><line number="6"  hits="0" /></lines>
			</method>
		</methods>
		<lines>
			<line number="5"  hits="1"  branch="false" />
			<line number="8"  hits="0"  branch="false" />
		</lines>
		</class>
		<class name="ui-icon.js"  filename="public\js\directives\ui\ui-icon.js"  line-rate="0.75"  branch-rate="0.6667" >
		<methods>
			<method name="(anonymous_1)"  hits="21"  signature="()V" >
				<lines><line number="4"  hits="21" /></lines>
			</method>
			<method name="(anonymous_2)"  hits="21"  signature="()V" >
				<lines><line number="12"  hits="21" /></lines>
			</method>
			<method name="(anonymous_3)"  hits="20"  signature="()V" >
				<lines><line number="20"  hits="20" /></lines>
			</method>
		</methods>
		<lines>
			<line number="1"  hits="1"  branch="false" />
			<line number="6"  hits="21"  branch="false" />
			<line number="14"  hits="21"  branch="true"  condition-coverage="100% (2/2)" />
			<line number="16"  hits="1"  branch="false" />
			<line number="19"  hits="20"  branch="true"  condition-coverage="100% (2/2)" />
			<line number="22"  hits="20"  branch="true"  condition-coverage="40% (2/5)" />
			<line number="25"  hits="19"  branch="false" />
			<line number="27"  hits="0"  branch="false" />
			<line number="29"  hits="0"  branch="false" />
			<line number="31"  hits="0"  branch="false" />
			<line number="33"  hits="1"  branch="false" />
			<line number="37"  hits="20"  branch="false" />
		</lines>
		</class>
		<class name="ui-input.js"  filename="public\js\directives\ui\ui-input.js"  line-rate="0.8462"  branch-rate="0.7391" >
		<methods>
			<method name="(anonymous_1)"  hits="47"  signature="()V" >
				<lines><line number="2"  hits="47" /></lines>
			</method>
			<method name="(anonymous_2)"  hits="47"  signature="()V" >
				<lines><line number="14"  hits="47" /></lines>
			</method>
			<method name="(anonymous_3)"  hits="47"  signature="()V" >
				<lines><line number="22"  hits="47" /></lines>
			</method>
		</methods>
		<lines>
			<line number="1"  hits="1"  branch="false" />
			<line number="4"  hits="47"  branch="false" />
			<line number="16"  hits="47"  branch="true"  condition-coverage="100% (2/2)" />
			<line number="17"  hits="47"  branch="false" />
			<line number="18"  hits="47"  branch="false" />
			<line number="19"  hits="47"  branch="true"  condition-coverage="100% (2/2)" />
			<line number="20"  hits="47"  branch="false" />
			<line number="24"  hits="47"  branch="true"  condition-coverage="100% (2/2)" />
			<line number="27"  hits="47"  branch="false" />
			<line number="44"  hits="10"  branch="true"  condition-coverage="50% (1/2)" />
			<line number="46"  hits="0"  branch="false" />
		</lines>
		</class>
		<class name="ui-ripple.js"  filename="public\js\directives\ui\ui-ripple.js"  line-rate="0.2581"  branch-rate="0.1071" >
		<methods>
			<method name="(anonymous_1)"  hits="24"  signature="()V" >
				<lines><line number="23"  hits="24" /></lines>
			</method>
			<method name="(anonymous_2)"  hits="99"  signature="()V" >
				<lines><line number="28"  hits="99" /></lines>
			</method>
		</methods>
		<lines>
			<line number="22"  hits="1"  branch="false" />
			<line number="25"  hits="24"  branch="false" />
			<line number="30"  hits="99"  branch="true"  condition-coverage="50% (1/2)" />
			<line number="32"  hits="99"  branch="false" />
			<line number="33"  hits="99"  branch="false" />
		</lines>
		</class>
		<class name="ui-select.js"  filename="public\js\directives\ui\ui-select.js"  line-rate="0.6667"  branch-rate="0.3704" >
		<methods>
			<method name="(anonymous_1)"  hits="1"  signature="()V" >
				<lines><line number="1"  hits="1" /></lines>
			</method>
			<method name="(anonymous_2)"  hits="7"  signature="()V" >
				<lines><line number="5"  hits="7" /></lines>
			</method>
			<method name="(anonymous_3)"  hits="7"  signature="()V" >
				<lines><line number="13"  hits="7" /></lines>
			</method>
		</methods>
		<lines>
			<line number="1"  hits="1"  branch="false" />
			<line number="4"  hits="1"  branch="false" />
			<line number="6"  hits="7"  branch="false" />
			<line number="14"  hits="7"  branch="false" />
			<line number="21"  hits="7"  branch="false" />
			<line number="23"  hits="7"  branch="false" />
			<line number="24"  hits="7"  branch="false" />
			<line number="26"  hits="7"  branch="false" />
			<line number="38"  hits="2"  branch="true"  condition-coverage="50% (1/2)" />
			<line number="39"  hits="0"  branch="false" />
			<line number="42"  hits="2"  branch="false" />
			<line number="47"  hits="2"  branch="false" />
			<line number="49"  hits="2"  branch="false" />
			<line number="50"  hits="2"  branch="false" />
			<line number="51"  hits="2"  branch="false" />
			<line number="52"  hits="0"  branch="false" />
		</lines>
		</class>
		<class name="ui-shadow.js"  filename="public\js\directives\ui\ui-shadow.js"  line-rate="0.8125"  branch-rate="0.625" >
		<methods>
			<method name="(anonymous_1)"  hits="8"  signature="()V" >
				<lines><line number="6"  hits="8" /></lines>
			</method>
			<method name="(anonymous_2)"  hits="8"  signature="()V" >
				<lines><line number="13"  hits="8" /></lines>
			</method>
			<method name="(anonymous_3)"  hits="8"  signature="()V" >
				<lines><line number="49"  hits="8" /></lines>
			</method>
			<method name="(anonymous_4)"  hits="8"  signature="()V" >
				<lines><line number="66"  hits="8" /></lines>
			</method>
		</methods>
		<lines>
			<line number="5"  hits="1"  branch="false" />
			<line number="8"  hits="8"  branch="false" />
			<line number="15"  hits="8"  branch="false" />
			<line number="49"  hits="8"  branch="false" />
			<line number="51"  hits="8"  branch="true"  condition-coverage="100% (2/2)" />
			<line number="52"  hits="8"  branch="true"  condition-coverage="50% (2/4)" />
			<line number="54"  hits="0"  branch="false" />
			<line number="55"  hits="0"  branch="false" />
			<line number="56"  hits="0"  branch="false" />
			<line number="60"  hits="8"  branch="false" />
			<line number="61"  hits="8"  branch="false" />
			<line number="62"  hits="8"  branch="false" />
			<line number="66"  hits="8"  branch="false" />
			<line number="68"  hits="8"  branch="true"  condition-coverage="50% (1/2)" />
			<line number="71"  hits="8"  branch="false" />
			<line number="72"  hits="8"  branch="false" />
		</lines>
		</class>
	</classes>
	</package>
	<package name="..public.js.directives"  line-rate="0.97"  branch-rate="0.98" >
	<classes>
		<class name="r2-d2.js"  filename="public\js\directives\r2-d2.js"  line-rate="0.97"  branch-rate="0.98" >
		<methods>
			<method name="(anonymous_1)"  hits="0"  signature="()V" >
				<lines><line number="2"  hits="0" /></lines>
			</method>
			<method name="(anonymous_2)"  hits="0"  signature="()V" >
				<lines><line number="6"  hits="0" /></lines>
			</method>
			<method name="(anonymous_3)"  hits="0"  signature="()V" >
				<lines><line number="31"  hits="0" /></lines>
			</method>
			<method name="(anonymous_4)"  hits="0"  signature="()V" >
				<lines><line number="33"  hits="0" /></lines>
			</method>
		</methods>
		<lines>
			<line number="1"  hits="1"  branch="false" />
			<line number="4"  hits="0"  branch="false" />
			<line number="8"  hits="0"  branch="false" />
			<line number="10"  hits="0"  branch="false" />
			<line number="12"  hits="0"  branch="true"  condition-coverage="0% (0/4)" />
			<line number="14"  hits="0"  branch="false" />
			<line number="15"  hits="0"  branch="true"  condition-coverage="0% (0/2)" />
			<line number="17"  hits="0"  branch="false" />
			<line number="18"  hits="0"  branch="true"  condition-coverage="0% (0/2)" />
			<line number="20"  hits="0"  branch="true"  condition-coverage="0% (0/2)" />
			<line number="22"  hits="0"  branch="false" />
			<line number="25"  hits="0"  branch="false" />
			<line number="31"  hits="0"  branch="false" />
			<line number="33"  hits="0"  branch="false" />
			<line number="35"  hits="0"  branch="false" />
			<line number="37"  hits="0"  branch="true"  condition-coverage="0% (0/2)" />
			<line number="39"  hits="0"  branch="false" />
			<line number="42"  hits="0"  branch="false" />
			<line number="44"  hits="0"  branch="false" />
			<line number="46"  hits="0"  branch="false" />
			<line number="51"  hits="0"  branch="false" />
			<line number="52"  hits="0"  branch="false" />
		</lines>
		</class>
		<class name="c-3po.js"  filename="public\js\directives\c-3po.js"  line-rate="0.95"  branch-rate="1" >
		<methods>
			<method name="(anonymous_1)"  hits="0"  signature="()V" >
				<lines><line number="1"  hits="0" /></lines>
			</method>
			<method name="(anonymous_2)"  hits="0"  signature="()V" >
				<lines><line number="12"  hits="0" /></lines>
			</method>
			<method name="(anonymous_3)"  hits="0"  signature="()V" >
				<lines><line number="14"  hits="0" /></lines>
			</method>
			<method name="(anonymous_4)"  hits="0"  signature="()V" >
				<lines><line number="19"  hits="0" /></lines>
			</method>
			<method name="(anonymous_5)"  hits="0"  signature="()V" >
				<lines><line number="23"  hits="0" /></lines>
			</method>
			<method name="(anonymous_6)"  hits="0"  signature="()V" >
				<lines><line number="25"  hits="0" /></lines>
			</method>
			<method name="(anonymous_7)"  hits="0"  signature="()V" >
				<lines><line number="43"  hits="0" /></lines>
			</method>
			<method name="(anonymous_8)"  hits="0"  signature="()V" >
				<lines><line number="45"  hits="0" /></lines>
			</method>
		</methods>
		<lines>
			<line number="1"  hits="1"  branch="false" />
			<line number="3"  hits="0"  branch="false" />
			<line number="14"  hits="0"  branch="false" />
			<line number="16"  hits="0"  branch="false" />
			<line number="19"  hits="0"  branch="false" />
			<line number="21"  hits="0"  branch="false" />
			<line number="22"  hits="0"  branch="false" />
			<line number="23"  hits="0"  branch="false" />
			<line number="25"  hits="0"  branch="false" />
			<line number="27"  hits="0"  branch="true"  condition-coverage="0% (0/2)" />
			<line number="29"  hits="0"  branch="false" />
			<line number="30"  hits="0"  branch="false" />
			<line number="33"  hits="0"  branch="false" />
			<line number="40"  hits="0"  branch="false" />
			<line number="43"  hits="0"  branch="false" />
			<line number="45"  hits="0"  branch="false" />
			<line number="46"  hits="0"  branch="false" />
			<line number="47"  hits="0"  branch="false" />
			<line number="48"  hits="0"  branch="false" />
			<line number="49"  hits="0"  branch="false" />
		</lines>
		</class>
		<class name="ig-88.js"  filename="public\js\directives\ig-88.js"  line-rate="0.25"  branch-rate="1" >
		<methods>
			<method name="(anonymous_1)"  hits="0"  signature="()V" >
				<lines><line number="1"  hits="0" /></lines>
			</method>
			<method name="(anonymous_2)"  hits="0"  signature="()V" >
				<lines><line number="9"  hits="0" /></lines>
			</method>
			<method name="(anonymous_3)"  hits="0"  signature="()V" >
				<lines><line number="14"  hits="0" /></lines>
			</method>
		</methods>
		<lines>
			<line number="1"  hits="1"  branch="false" />
			<line number="3"  hits="0"  branch="false" />
			<line number="11"  hits="0"  branch="false" />
			<line number="16"  hits="0"  branch="false" />
		</lines>
		</class>
		<class name="4lom.js"  filename="public\js\directives\4lom.js"  line-rate="0.82"  branch-rate="0.8" >
		<methods>
			<method name="(anonymous_1)"  hits="0"  signature="()V" >
				<lines><line number="1"  hits="0" /></lines>
			</method>
			<method name="(anonymous_2)"  hits="0"  signature="()V" >
				<lines><line number="9"  hits="0" /></lines>
			</method>
			<method name="(anonymous_3)"  hits="0"  signature="()V" >
				<lines><line number="53"  hits="0" /></lines>
			</method>
			<method name="(anonymous_4)"  hits="0"  signature="()V" >
				<lines><line number="61"  hits="0" /></lines>
			</method>
		</methods>
		<lines>
			<line number="1"  hits="1"  branch="false" />
			<line number="3"  hits="0"  branch="false" />
			<line number="11"  hits="0"  branch="false" />
			<line number="54"  hits="0"  branch="true"  condition-coverage="0% (0/2)" />
			<line number="55"  hits="0"  branch="false" />
			<line number="56"  hits="0"  branch="true"  condition-coverage="0% (0/2)" />
			<line number="57"  hits="0"  branch="false" />
			<line number="58"  hits="0"  branch="true"  condition-coverage="0% (0/2)" />
			<line number="59"  hits="0"  branch="false" />
			<line number="62"  hits="0"  branch="true"  condition-coverage="0% (0/2)" />
			<line number="63"  hits="0"  branch="false" />
			<line number="64"  hits="0"  branch="true"  condition-coverage="0% (0/2)" />
			<line number="65"  hits="0"  branch="false" />
			<line number="66"  hits="0"  branch="true"  condition-coverage="0% (0/2)" />
			<line number="67"  hits="0"  branch="false" />
		</lines>
		</class>
	</classes>
	</package>
</packages>
</coverage>
